<?xml version="1.0" encoding="UTF-8"?>
<!-- Generated by org.testng.reporters.JUnitReportReporter -->
<testsuite hostname="LAPTOP-2PTTA2TK" failures="0" tests="1" name="ajioTest.SearchAjio" time="0.020" errors="1" timestamp="2024-12-22T09:27:58 IST" skipped="0">
  <testcase classname="ajioTest.SearchAjio" name="searchpgm" time="0.020">
    <error type="java.lang.StackOverflowError">
      <![CDATA[java.lang.StackOverflowError
at ajioTest.SearchAjio.searchpgm(SearchAjio.java:13)
at ajioTest.SearchAjio.searchpgm(SearchAjio.java:13)
at ajioTest.SearchAjio.searchpgm(SearchAjio.java:13)
at ajioTest.SearchAjio.searchpgm(SearchAjio.java:13)
at ajioTest.SearchAjio.searchpgm(SearchAjio.java:13)
at ajioTest.SearchAjio.searchpgm(SearchAjio.java:13)
at ajioTest.SearchAjio.searchpgm(SearchAjio.java:13)
at ajioTest.SearchAjio.searchpgm(SearchAjio.java:13)
at ajioTest.SearchAjio.searchpgm(SearchAjio.java:13)
at ajioTest.SearchAjio.searchpgm(SearchAjio.java:13)
at ajioTest.SearchAjio.searchpgm(SearchAjio.java:13)
at ajioTest.SearchAjio.searchpgm(SearchAjio.java:13)
at ajioTest.SearchAjio.searchpgm(SearchAjio.java:13)
at ajioTest.SearchAjio.searchpgm(SearchAjio.java:13)
at ajioTest.SearchAjio.searchpgm(SearchAjio.java:13)
at ajioTest.SearchAjio.searchpgm(SearchAjio.java:13)
at ajioTest.SearchAjio.searchpgm(SearchAjio.java:13)
at ajioTest.SearchAjio.searchpgm(SearchAjio.java:13)
at ajioTest.SearchAjio.searchpgm(SearchAjio.java:13)
at ajioTest.SearchAjio.searchpgm(SearchAjio.java:13)
at ajioTest.SearchAjio.searchpgm(SearchAjio.java:13)
at ajioTest.SearchAjio.searchpgm(SearchAjio.java:13)
at ajioTest.SearchAjio.searchpgm(SearchAjio.java:13)
at ajioTest.SearchAjio.searchpgm(SearchAjio.java:13)
at ajioTest.SearchAjio.searchpgm(SearchAjio.java:13)
at ajioTest.SearchAjio.searchpgm(SearchAjio.java:13)
at ajioTest.SearchAjio.searchpgm(SearchAjio.java:13)
at ajioTest.SearchAjio.searchpgm(SearchAjio.java:13)
at ajioTest.SearchAjio.searchpgm(SearchAjio.java:13)
at ajioTest.SearchAjio.searchpgm(SearchAjio.java:13)
at ajioTest.SearchAjio.searchpgm(SearchAjio.java:13)
at ajioTest.SearchAjio.searchpgm(SearchAjio.java:13)
at ajioTest.SearchAjio.searchpgm(SearchAjio.java:13)
at ajioTest.SearchAjio.searchpgm(SearchAjio.java:13)
at ajioTest.SearchAjio.searchpgm(SearchAjio.java:13)
at ajioTest.SearchAjio.searchpgm(SearchAjio.java:13)
at ajioTest.SearchAjio.searchpgm(SearchAjio.java:13)
at ajioTest.SearchAjio.searchpgm(SearchAjio.java:13)
at ajioTest.SearchAjio.searchpgm(SearchAjio.java:13)
at ajioTest.SearchAjio.searchpgm(SearchAjio.java:13)
at ajioTest.SearchAjio.searchpgm(SearchAjio.java:13)
at ajioTest.SearchAjio.searchpgm(SearchAjio.java:13)
at ajioTest.SearchAjio.searchpgm(SearchAjio.java:13)
at ajioTest.SearchAjio.searchpgm(SearchAjio.java:13)
at ajioTest.SearchAjio.searchpgm(SearchAjio.java:13)
at ajioTest.SearchAjio.searchpgm(SearchAjio.java:13)
at ajioTest.SearchAjio.searchpgm(SearchAjio.java:13)
at ajioTest.SearchAjio.searchpgm(SearchAjio.java:13)
at ajioTest.SearchAjio.searchpgm(SearchAjio.java:13)
at ajioTest.SearchAjio.searchpgm(SearchAjio.java:13)
at ajioTest.SearchAjio.searchpgm(SearchAjio.java:13)
at ajioTest.SearchAjio.searchpgm(SearchAjio.java:13)
at ajioTest.SearchAjio.searchpgm(SearchAjio.java:13)
at ajioTest.SearchAjio.searchpgm(SearchAjio.java:13)
at ajioTest.SearchAjio.searchpgm(SearchAjio.java:13)
at ajioTest.SearchAjio.searchpgm(SearchAjio.java:13)
at ajioTest.SearchAjio.searchpgm(SearchAjio.java:13)
at ajioTest.SearchAjio.searchpgm(SearchAjio.java:13)
at ajioTest.SearchAjio.searchpgm(SearchAjio.java:13)
at ajioTest.SearchAjio.searchpgm(SearchAjio.java:13)
at ajioTest.SearchAjio.searchpgm(SearchAjio.java:13)
at ajioTest.SearchAjio.searchpgm(SearchAjio.java:13)
at ajioTest.SearchAjio.searchpgm(SearchAjio.java:13)
at ajioTest.SearchAjio.searchpgm(SearchAjio.java:13)
at ajioTest.SearchAjio.searchpgm(SearchAjio.java:13)
at ajioTest.SearchAjio.searchpgm(SearchAjio.java:13)
at ajioTest.SearchAjio.searchpgm(SearchAjio.java:13)
at ajioTest.SearchAjio.searchpgm(SearchAjio.java:13)
at ajioTest.SearchAjio.searchpgm(SearchAjio.java:13)
at ajioTest.SearchAjio.searchpgm(SearchAjio.java:13)
at ajioTest.SearchAjio.searchpgm(SearchAjio.java:13)
at ajioTest.SearchAjio.searchpgm(SearchAjio.java:13)
at ajioTest.SearchAjio.searchpgm(SearchAjio.java:13)
at ajioTest.SearchAjio.searchpgm(SearchAjio.java:13)
at ajioTest.SearchAjio.searchpgm(SearchAjio.java:13)
at ajioTest.SearchAjio.searchpgm(SearchAjio.java:13)
at ajioTest.SearchAjio.searchpgm(SearchAjio.java:13)
at ajioTest.SearchAjio.searchpgm(SearchAjio.java:13)
at ajioTest.SearchAjio.searchpgm(SearchAjio.java:13)
at ajioTest.SearchAjio.searchpgm(SearchAjio.java:13)
at ajioTest.SearchAjio.searchpgm(SearchAjio.java:13)
at ajioTest.SearchAjio.searchpgm(SearchAjio.java:13)
at ajioTest.SearchAjio.searchpgm(SearchAjio.java:13)
at ajioTest.SearchAjio.searchpgm(SearchAjio.java:13)
at ajioTest.SearchAjio.searchpgm(SearchAjio.java:13)
at ajioTest.SearchAjio.searchpgm(SearchAjio.java:13)
at ajioTest.SearchAjio.searchpgm(SearchAjio.java:13)
at ajioTest.SearchAjio.searchpgm(SearchAjio.java:13)
at ajioTest.SearchAjio.searchpgm(SearchAjio.java:13)
at ajioTest.SearchAjio.searchpgm(SearchAjio.java:13)
at ajioTest.SearchAjio.searchpgm(SearchAjio.java:13)
at ajioTest.SearchAjio.searchpgm(SearchAjio.java:13)
at ajioTest.SearchAjio.searchpgm(SearchAjio.java:13)
at ajioTest.SearchAjio.searchpgm(SearchAjio.java:13)
at ajioTest.SearchAjio.searchpgm(SearchAjio.java:13)
at ajioTest.SearchAjio.searchpgm(SearchAjio.java:13)
at ajioTest.SearchAjio.searchpgm(SearchAjio.java:13)
at ajioTest.SearchAjio.searchpgm(SearchAjio.java:13)
at ajioTest.SearchAjio.searchpgm(SearchAjio.java:13)
at ajioTest.SearchAjio.searchpgm(SearchAjio.java:13)
at ajioTest.SearchAjio.searchpgm(SearchAjio.java:13)
at ajioTest.SearchAjio.searchpgm(SearchAjio.java:13)
at ajioTest.SearchAjio.searchpgm(SearchAjio.java:13)
at ajioTest.SearchAjio.searchpgm(SearchAjio.java:13)
at ajioTest.SearchAjio.searchpgm(SearchAjio.java:13)
at ajioTest.SearchAjio.searchpgm(SearchAjio.java:13)
at ajioTest.SearchAjio.searchpgm(SearchAjio.java:13)
at ajioTest.SearchAjio.searchpgm(SearchAjio.java:13)
at ajioTest.SearchAjio.searchpgm(SearchAjio.java:13)
at ajioTest.SearchAjio.searchpgm(SearchAjio.java:13)
at ajioTest.SearchAjio.searchpgm(SearchAjio.java:13)
at ajioTest.SearchAjio.searchpgm(SearchAjio.java:13)
at ajioTest.SearchAjio.searchpgm(SearchAjio.java:13)
at ajioTest.SearchAjio.searchpgm(SearchAjio.java:13)
at ajioTest.SearchAjio.searchpgm(SearchAjio.java:13)
at ajioTest.SearchAjio.searchpgm(SearchAjio.java:13)
at ajioTest.SearchAjio.searchpgm(SearchAjio.java:13)
at ajioTest.SearchAjio.searchpgm(SearchAjio.java:13)
at ajioTest.SearchAjio.searchpgm(SearchAjio.java:13)
at ajioTest.SearchAjio.searchpgm(SearchAjio.java:13)
at ajioTest.SearchAjio.searchpgm(SearchAjio.java:13)
at ajioTest.SearchAjio.searchpgm(SearchAjio.java:13)
at ajioTest.SearchAjio.searchpgm(SearchAjio.java:13)
at ajioTest.SearchAjio.searchpgm(SearchAjio.java:13)
at ajioTest.SearchAjio.searchpgm(SearchAjio.java:13)
at ajioTest.SearchAjio.searchpgm(SearchAjio.java:13)
at ajioTest.SearchAjio.searchpgm(SearchAjio.java:13)
at ajioTest.SearchAjio.searchpgm(SearchAjio.java:13)
at ajioTest.SearchAjio.searchpgm(SearchAjio.java:13)
at ajioTest.SearchAjio.searchpgm(SearchAjio.java:13)
at ajioTest.SearchAjio.searchpgm(SearchAjio.java:13)
at ajioTest.SearchAjio.searchpgm(SearchAjio.java:13)
at ajioTest.SearchAjio.searchpgm(SearchAjio.java:13)
at ajioTest.SearchAjio.searchpgm(SearchAjio.java:13)
at ajioTest.SearchAjio.searchpgm(SearchAjio.java:13)
at ajioTest.SearchAjio.searchpgm(SearchAjio.java:13)
at ajioTest.SearchAjio.searchpgm(SearchAjio.java:13)
at ajioTest.SearchAjio.searchpgm(SearchAjio.java:13)
at ajioTest.SearchAjio.searchpgm(SearchAjio.java:13)
at ajioTest.SearchAjio.searchpgm(SearchAjio.java:13)
at ajioTest.SearchAjio.searchpgm(SearchAjio.java:13)
at ajioTest.SearchAjio.searchpgm(SearchAjio.java:13)
at ajioTest.SearchAjio.searchpgm(SearchAjio.java:13)
at ajioTest.SearchAjio.searchpgm(SearchAjio.java:13)
at ajioTest.SearchAjio.searchpgm(SearchAjio.java:13)
at ajioTest.SearchAjio.searchpgm(SearchAjio.java:13)
at ajioTest.SearchAjio.searchpgm(SearchAjio.java:13)
at ajioTest.SearchAjio.searchpgm(SearchAjio.java:13)
at ajioTest.SearchAjio.searchpgm(SearchAjio.java:13)
at ajioTest.SearchAjio.searchpgm(SearchAjio.java:13)
at ajioTest.SearchAjio.searchpgm(SearchAjio.java:13)
at ajioTest.SearchAjio.searchpgm(SearchAjio.java:13)
at ajioTest.SearchAjio.searchpgm(SearchAjio.java:13)
at ajioTest.SearchAjio.searchpgm(SearchAjio.java:13)
at ajioTest.SearchAjio.searchpgm(SearchAjio.java:13)
at ajioTest.SearchAjio.searchpgm(SearchAjio.java:13)
at ajioTest.SearchAjio.searchpgm(SearchAjio.java:13)
at ajioTest.SearchAjio.searchpgm(SearchAjio.java:13)
at ajioTest.SearchAjio.searchpgm(SearchAjio.java:13)
at ajioTest.SearchAjio.searchpgm(SearchAjio.java:13)
at ajioTest.SearchAjio.searchpgm(SearchAjio.java:13)
at ajioTest.SearchAjio.searchpgm(SearchAjio.java:13)
at ajioTest.SearchAjio.searchpgm(SearchAjio.java:13)
at ajioTest.SearchAjio.searchpgm(SearchAjio.java:13)
at ajioTest.SearchAjio.searchpgm(SearchAjio.java:13)
at ajioTest.SearchAjio.searchpgm(SearchAjio.java:13)
at ajioTest.SearchAjio.searchpgm(SearchAjio.java:13)
at ajioTest.SearchAjio.searchpgm(SearchAjio.java:13)
at ajioTest.SearchAjio.searchpgm(SearchAjio.java:13)
at ajioTest.SearchAjio.searchpgm(SearchAjio.java:13)
at ajioTest.SearchAjio.searchpgm(SearchAjio.java:13)
at ajioTest.SearchAjio.searchpgm(SearchAjio.java:13)
at ajioTest.SearchAjio.searchpgm(SearchAjio.java:13)
at ajioTest.SearchAjio.searchpgm(SearchAjio.java:13)
at ajioTest.SearchAjio.searchpgm(SearchAjio.java:13)
at ajioTest.SearchAjio.searchpgm(SearchAjio.java:13)
at ajioTest.SearchAjio.searchpgm(SearchAjio.java:13)
at ajioTest.SearchAjio.searchpgm(SearchAjio.java:13)
at ajioTest.SearchAjio.searchpgm(SearchAjio.java:13)
at ajioTest.SearchAjio.searchpgm(SearchAjio.java:13)
at ajioTest.SearchAjio.searchpgm(SearchAjio.java:13)
at ajioTest.SearchAjio.searchpgm(SearchAjio.java:13)
at ajioTest.SearchAjio.searchpgm(SearchAjio.java:13)
at ajioTest.SearchAjio.searchpgm(SearchAjio.java:13)
at ajioTest.SearchAjio.searchpgm(SearchAjio.java:13)
at ajioTest.SearchAjio.searchpgm(SearchAjio.java:13)
at ajioTest.SearchAjio.searchpgm(SearchAjio.java:13)
at ajioTest.SearchAjio.searchpgm(SearchAjio.java:13)
at ajioTest.SearchAjio.searchpgm(SearchAjio.java:13)
at ajioTest.SearchAjio.searchpgm(SearchAjio.java:13)
at ajioTest.SearchAjio.searchpgm(SearchAjio.java:13)
at ajioTest.SearchAjio.searchpgm(SearchAjio.java:13)
at ajioTest.SearchAjio.searchpgm(SearchAjio.java:13)
at ajioTest.SearchAjio.searchpgm(SearchAjio.java:13)
at ajioTest.SearchAjio.searchpgm(SearchAjio.java:13)
at ajioTest.SearchAjio.searchpgm(SearchAjio.java:13)
at ajioTest.SearchAjio.searchpgm(SearchAjio.java:13)
at ajioTest.SearchAjio.searchpgm(SearchAjio.java:13)
at ajioTest.SearchAjio.searchpgm(SearchAjio.java:13)
at ajioTest.SearchAjio.searchpgm(SearchAjio.java:13)
at ajioTest.SearchAjio.searchpgm(SearchAjio.java:13)
at ajioTest.SearchAjio.searchpgm(SearchAjio.java:13)
at ajioTest.SearchAjio.searchpgm(SearchAjio.java:13)
at ajioTest.SearchAjio.searchpgm(SearchAjio.java:13)
at ajioTest.SearchAjio.searchpgm(SearchAjio.java:13)
at ajioTest.SearchAjio.searchpgm(SearchAjio.java:13)
at ajioTest.SearchAjio.searchpgm(SearchAjio.java:13)
at ajioTest.SearchAjio.searchpgm(SearchAjio.java:13)
at ajioTest.SearchAjio.searchpgm(SearchAjio.java:13)
at ajioTest.SearchAjio.searchpgm(SearchAjio.java:13)
at ajioTest.SearchAjio.searchpgm(SearchAjio.java:13)
at ajioTest.SearchAjio.searchpgm(SearchAjio.java:13)
at ajioTest.SearchAjio.searchpgm(SearchAjio.java:13)
at ajioTest.SearchAjio.searchpgm(SearchAjio.java:13)
at ajioTest.SearchAjio.searchpgm(SearchAjio.java:13)
at ajioTest.SearchAjio.searchpgm(SearchAjio.java:13)
at ajioTest.SearchAjio.searchpgm(SearchAjio.java:13)
at ajioTest.SearchAjio.searchpgm(SearchAjio.java:13)
at ajioTest.SearchAjio.searchpgm(SearchAjio.java:13)
at ajioTest.SearchAjio.searchpgm(SearchAjio.java:13)
at ajioTest.SearchAjio.searchpgm(SearchAjio.java:13)
at ajioTest.SearchAjio.searchpgm(SearchAjio.java:13)
at ajioTest.SearchAjio.searchpgm(SearchAjio.java:13)
at ajioTest.SearchAjio.searchpgm(SearchAjio.java:13)
at ajioTest.SearchAjio.searchpgm(SearchAjio.java:13)
at ajioTest.SearchAjio.searchpgm(SearchAjio.java:13)
at ajioTest.SearchAjio.searchpgm(SearchAjio.java:13)
at ajioTest.SearchAjio.searchpgm(SearchAjio.java:13)
at ajioTest.SearchAjio.searchpgm(SearchAjio.java:13)
at ajioTest.SearchAjio.searchpgm(SearchAjio.java:13)
at ajioTest.SearchAjio.searchpgm(SearchAjio.java:13)
at ajioTest.SearchAjio.searchpgm(SearchAjio.java:13)
at ajioTest.SearchAjio.searchpgm(SearchAjio.java:13)
at ajioTest.SearchAjio.searchpgm(SearchAjio.java:13)
at ajioTest.SearchAjio.searchpgm(SearchAjio.java:13)
at ajioTest.SearchAjio.searchpgm(SearchAjio.java:13)
at ajioTest.SearchAjio.searchpgm(SearchAjio.java:13)
at ajioTest.SearchAjio.searchpgm(SearchAjio.java:13)
at ajioTest.SearchAjio.searchpgm(SearchAjio.java:13)
at ajioTest.SearchAjio.searchpgm(SearchAjio.java:13)
at ajioTest.SearchAjio.searchpgm(SearchAjio.java:13)
at ajioTest.SearchAjio.searchpgm(SearchAjio.java:13)
at ajioTest.SearchAjio.searchpgm(SearchAjio.java:13)
at ajioTest.SearchAjio.searchpgm(SearchAjio.java:13)
at ajioTest.SearchAjio.searchpgm(SearchAjio.java:13)
at ajioTest.SearchAjio.searchpgm(SearchAjio.java:13)
at ajioTest.SearchAjio.searchpgm(SearchAjio.java:13)
at ajioTest.SearchAjio.searchpgm(SearchAjio.java:13)
at ajioTest.SearchAjio.searchpgm(SearchAjio.java:13)
at ajioTest.SearchAjio.searchpgm(SearchAjio.java:13)
at ajioTest.SearchAjio.searchpgm(SearchAjio.java:13)
at ajioTest.SearchAjio.searchpgm(SearchAjio.java:13)
at ajioTest.SearchAjio.searchpgm(SearchAjio.java:13)
at ajioTest.SearchAjio.searchpgm(SearchAjio.java:13)
at ajioTest.SearchAjio.searchpgm(SearchAjio.java:13)
at ajioTest.SearchAjio.searchpgm(SearchAjio.java:13)
at ajioTest.SearchAjio.searchpgm(SearchAjio.java:13)
at ajioTest.SearchAjio.searchpgm(SearchAjio.java:13)
at ajioTest.SearchAjio.searchpgm(SearchAjio.java:13)
at ajioTest.SearchAjio.searchpgm(SearchAjio.java:13)
at ajioTest.SearchAjio.searchpgm(SearchAjio.java:13)
at ajioTest.SearchAjio.searchpgm(SearchAjio.java:13)
at ajioTest.SearchAjio.searchpgm(SearchAjio.java:13)
at ajioTest.SearchAjio.searchpgm(SearchAjio.java:13)
at ajioTest.SearchAjio.searchpgm(SearchAjio.java:13)
at ajioTest.SearchAjio.searchpgm(SearchAjio.java:13)
at ajioTest.SearchAjio.searchpgm(SearchAjio.java:13)
at ajioTest.SearchAjio.searchpgm(SearchAjio.java:13)
at ajioTest.SearchAjio.searchpgm(SearchAjio.java:13)
at ajioTest.SearchAjio.searchpgm(SearchAjio.java:13)
at ajioTest.SearchAjio.searchpgm(SearchAjio.java:13)
at ajioTest.SearchAjio.searchpgm(SearchAjio.java:13)
at ajioTest.SearchAjio.searchpgm(SearchAjio.java:13)
at ajioTest.SearchAjio.searchpgm(SearchAjio.java:13)
at ajioTest.SearchAjio.searchpgm(SearchAjio.java:13)
at ajioTest.SearchAjio.searchpgm(SearchAjio.java:13)
at ajioTest.SearchAjio.searchpgm(SearchAjio.java:13)
at ajioTest.SearchAjio.searchpgm(SearchAjio.java:13)
at ajioTest.SearchAjio.searchpgm(SearchAjio.java:13)
at ajioTest.SearchAjio.searchpgm(SearchAjio.java:13)
at ajioTest.SearchAjio.searchpgm(SearchAjio.java:13)
at ajioTest.SearchAjio.searchpgm(SearchAjio.java:13)
at ajioTest.SearchAjio.searchpgm(SearchAjio.java:13)
at ajioTest.SearchAjio.searchpgm(SearchAjio.java:13)
at ajioTest.SearchAjio.searchpgm(SearchAjio.java:13)
at ajioTest.SearchAjio.searchpgm(SearchAjio.java:13)
at ajioTest.SearchAjio.searchpgm(SearchAjio.java:13)
at ajioTest.SearchAjio.searchpgm(SearchAjio.java:13)
at ajioTest.SearchAjio.searchpgm(SearchAjio.java:13)
at ajioTest.SearchAjio.searchpgm(SearchAjio.java:13)
at ajioTest.SearchAjio.searchpgm(SearchAjio.java:13)
at ajioTest.SearchAjio.searchpgm(SearchAjio.java:13)
at ajioTest.SearchAjio.searchpgm(SearchAjio.java:13)
at ajioTest.SearchAjio.searchpgm(SearchAjio.java:13)
at ajioTest.SearchAjio.searchpgm(SearchAjio.java:13)
at ajioTest.SearchAjio.searchpgm(SearchAjio.java:13)
at ajioTest.SearchAjio.searchpgm(SearchAjio.java:13)
at ajioTest.SearchAjio.searchpgm(SearchAjio.java:13)
at ajioTest.SearchAjio.searchpgm(SearchAjio.java:13)
at ajioTest.SearchAjio.searchpgm(SearchAjio.java:13)
at ajioTest.SearchAjio.searchpgm(SearchAjio.java:13)
at ajioTest.SearchAjio.searchpgm(SearchAjio.java:13)
at ajioTest.SearchAjio.searchpgm(SearchAjio.java:13)
at ajioTest.SearchAjio.searchpgm(SearchAjio.java:13)
at ajioTest.SearchAjio.searchpgm(SearchAjio.java:13)
at ajioTest.SearchAjio.searchpgm(SearchAjio.java:13)
at ajioTest.SearchAjio.searchpgm(SearchAjio.java:13)
at ajioTest.SearchAjio.searchpgm(SearchAjio.java:13)
at ajioTest.SearchAjio.searchpgm(SearchAjio.java:13)
at ajioTest.SearchAjio.searchpgm(SearchAjio.java:13)
at ajioTest.SearchAjio.searchpgm(SearchAjio.java:13)
at ajioTest.SearchAjio.searchpgm(SearchAjio.java:13)
at ajioTest.SearchAjio.searchpgm(SearchAjio.java:13)
at ajioTest.SearchAjio.searchpgm(SearchAjio.java:13)
at ajioTest.SearchAjio.searchpgm(SearchAjio.java:13)
at ajioTest.SearchAjio.searchpgm(SearchAjio.java:13)
at ajioTest.SearchAjio.searchpgm(SearchAjio.java:13)
at ajioTest.SearchAjio.searchpgm(SearchAjio.java:13)
at ajioTest.SearchAjio.searchpgm(SearchAjio.java:13)
at ajioTest.SearchAjio.searchpgm(SearchAjio.java:13)
at ajioTest.SearchAjio.searchpgm(SearchAjio.java:13)
at ajioTest.SearchAjio.searchpgm(SearchAjio.java:13)
at ajioTest.SearchAjio.searchpgm(SearchAjio.java:13)
at ajioTest.SearchAjio.searchpgm(SearchAjio.java:13)
at ajioTest.SearchAjio.searchpgm(SearchAjio.java:13)
at ajioTest.SearchAjio.searchpgm(SearchAjio.java:13)
at ajioTest.SearchAjio.searchpgm(SearchAjio.java:13)
at ajioTest.SearchAjio.searchpgm(SearchAjio.java:13)
at ajioTest.SearchAjio.searchpgm(SearchAjio.java:13)
at ajioTest.SearchAjio.searchpgm(SearchAjio.java:13)
at ajioTest.SearchAjio.searchpgm(SearchAjio.java:13)
at ajioTest.SearchAjio.searchpgm(SearchAjio.java:13)
at ajioTest.SearchAjio.searchpgm(SearchAjio.java:13)
at ajioTest.SearchAjio.searchpgm(SearchAjio.java:13)
at ajioTest.SearchAjio.searchpgm(SearchAjio.java:13)
at ajioTest.SearchAjio.searchpgm(SearchAjio.java:13)
at ajioTest.SearchAjio.searchpgm(SearchAjio.java:13)
at ajioTest.SearchAjio.searchpgm(SearchAjio.java:13)
at ajioTest.SearchAjio.searchpgm(SearchAjio.java:13)
at ajioTest.SearchAjio.searchpgm(SearchAjio.java:13)
at ajioTest.SearchAjio.searchpgm(SearchAjio.java:13)
at ajioTest.SearchAjio.searchpgm(SearchAjio.java:13)
at ajioTest.SearchAjio.searchpgm(SearchAjio.java:13)
at ajioTest.SearchAjio.searchpgm(SearchAjio.java:13)
at ajioTest.SearchAjio.searchpgm(SearchAjio.java:13)
at ajioTest.SearchAjio.searchpgm(SearchAjio.java:13)
at ajioTest.SearchAjio.searchpgm(SearchAjio.java:13)
at ajioTest.SearchAjio.searchpgm(SearchAjio.java:13)
at ajioTest.SearchAjio.searchpgm(SearchAjio.java:13)
at ajioTest.SearchAjio.searchpgm(SearchAjio.java:13)
at ajioTest.SearchAjio.searchpgm(SearchAjio.java:13)
at ajioTest.SearchAjio.searchpgm(SearchAjio.java:13)
at ajioTest.SearchAjio.searchpgm(SearchAjio.java:13)
at ajioTest.SearchAjio.searchpgm(SearchAjio.java:13)
at ajioTest.SearchAjio.searchpgm(SearchAjio.java:13)
at ajioTest.SearchAjio.searchpgm(SearchAjio.java:13)
at ajioTest.SearchAjio.searchpgm(SearchAjio.java:13)
at ajioTest.SearchAjio.searchpgm(SearchAjio.java:13)
at ajioTest.SearchAjio.searchpgm(SearchAjio.java:13)
at ajioTest.SearchAjio.searchpgm(SearchAjio.java:13)
at ajioTest.SearchAjio.searchpgm(SearchAjio.java:13)
at ajioTest.SearchAjio.searchpgm(SearchAjio.java:13)
at ajioTest.SearchAjio.searchpgm(SearchAjio.java:13)
at ajioTest.SearchAjio.searchpgm(SearchAjio.java:13)
at ajioTest.SearchAjio.searchpgm(SearchAjio.java:13)
at ajioTest.SearchAjio.searchpgm(SearchAjio.java:13)
at ajioTest.SearchAjio.searchpgm(SearchAjio.java:13)
at ajioTest.SearchAjio.searchpgm(SearchAjio.java:13)
at ajioTest.SearchAjio.searchpgm(SearchAjio.java:13)
at ajioTest.SearchAjio.searchpgm(SearchAjio.java:13)
at ajioTest.SearchAjio.searchpgm(SearchAjio.java:13)
at ajioTest.SearchAjio.searchpgm(SearchAjio.java:13)
at ajioTest.SearchAjio.searchpgm(SearchAjio.java:13)
at ajioTest.SearchAjio.searchpgm(SearchAjio.java:13)
at ajioTest.SearchAjio.searchpgm(SearchAjio.java:13)
at ajioTest.SearchAjio.searchpgm(SearchAjio.java:13)
at ajioTest.SearchAjio.searchpgm(SearchAjio.java:13)
at ajioTest.SearchAjio.searchpgm(SearchAjio.java:13)
at ajioTest.SearchAjio.searchpgm(SearchAjio.java:13)
at ajioTest.SearchAjio.searchpgm(SearchAjio.java:13)
at ajioTest.SearchAjio.searchpgm(SearchAjio.java:13)
at ajioTest.SearchAjio.searchpgm(SearchAjio.java:13)
at ajioTest.SearchAjio.searchpgm(SearchAjio.java:13)
at ajioTest.SearchAjio.searchpgm(SearchAjio.java:13)
at ajioTest.SearchAjio.searchpgm(SearchAjio.java:13)
at ajioTest.SearchAjio.searchpgm(SearchAjio.java:13)
at ajioTest.SearchAjio.searchpgm(SearchAjio.java:13)
at ajioTest.SearchAjio.searchpgm(SearchAjio.java:13)
at ajioTest.SearchAjio.searchpgm(SearchAjio.java:13)
at ajioTest.SearchAjio.searchpgm(SearchAjio.java:13)
at ajioTest.SearchAjio.searchpgm(SearchAjio.java:13)
at ajioTest.SearchAjio.searchpgm(SearchAjio.java:13)
at ajioTest.SearchAjio.searchpgm(SearchAjio.java:13)
at ajioTest.SearchAjio.searchpgm(SearchAjio.java:13)
at ajioTest.SearchAjio.searchpgm(SearchAjio.java:13)
at ajioTest.SearchAjio.searchpgm(SearchAjio.java:13)
at ajioTest.SearchAjio.searchpgm(SearchAjio.java:13)
at ajioTest.SearchAjio.searchpgm(SearchAjio.java:13)
at ajioTest.SearchAjio.searchpgm(SearchAjio.java:13)
at ajioTest.SearchAjio.searchpgm(SearchAjio.java:13)
at ajioTest.SearchAjio.searchpgm(SearchAjio.java:13)
at ajioTest.SearchAjio.searchpgm(SearchAjio.java:13)
at ajioTest.SearchAjio.searchpgm(SearchAjio.java:13)
at ajioTest.SearchAjio.searchpgm(SearchAjio.java:13)
at ajioTest.SearchAjio.searchpgm(SearchAjio.java:13)
at ajioTest.SearchAjio.searchpgm(SearchAjio.java:13)
at ajioTest.SearchAjio.searchpgm(SearchAjio.java:13)
at ajioTest.SearchAjio.searchpgm(SearchAjio.java:13)
at ajioTest.SearchAjio.searchpgm(SearchAjio.java:13)
at ajioTest.SearchAjio.searchpgm(SearchAjio.java:13)
at ajioTest.SearchAjio.searchpgm(SearchAjio.java:13)
at ajioTest.SearchAjio.searchpgm(SearchAjio.java:13)
at ajioTest.SearchAjio.searchpgm(SearchAjio.java:13)
at ajioTest.SearchAjio.searchpgm(SearchAjio.java:13)
at ajioTest.SearchAjio.searchpgm(SearchAjio.java:13)
at ajioTest.SearchAjio.searchpgm(SearchAjio.java:13)
at ajioTest.SearchAjio.searchpgm(SearchAjio.java:13)
at ajioTest.SearchAjio.searchpgm(SearchAjio.java:13)
at ajioTest.SearchAjio.searchpgm(SearchAjio.java:13)
at ajioTest.SearchAjio.searchpgm(SearchAjio.java:13)
at ajioTest.SearchAjio.searchpgm(SearchAjio.java:13)
at ajioTest.SearchAjio.searchpgm(SearchAjio.java:13)
at ajioTest.SearchAjio.searchpgm(SearchAjio.java:13)
at ajioTest.SearchAjio.searchpgm(SearchAjio.java:13)
at ajioTest.SearchAjio.searchpgm(SearchAjio.java:13)
at ajioTest.SearchAjio.searchpgm(SearchAjio.java:13)
at ajioTest.SearchAjio.searchpgm(SearchAjio.java:13)
at ajioTest.SearchAjio.searchpgm(SearchAjio.java:13)
at ajioTest.SearchAjio.searchpgm(SearchAjio.java:13)
at ajioTest.SearchAjio.searchpgm(SearchAjio.java:13)
at ajioTest.SearchAjio.searchpgm(SearchAjio.java:13)
at ajioTest.SearchAjio.searchpgm(SearchAjio.java:13)
at ajioTest.SearchAjio.searchpgm(SearchAjio.java:13)
at ajioTest.SearchAjio.searchpgm(SearchAjio.java:13)
at ajioTest.SearchAjio.searchpgm(SearchAjio.java:13)
at ajioTest.SearchAjio.searchpgm(SearchAjio.java:13)
at ajioTest.SearchAjio.searchpgm(SearchAjio.java:13)
at ajioTest.SearchAjio.searchpgm(SearchAjio.java:13)
at ajioTest.SearchAjio.searchpgm(SearchAjio.java:13)
at ajioTest.SearchAjio.searchpgm(SearchAjio.java:13)
at ajioTest.SearchAjio.searchpgm(SearchAjio.java:13)
at ajioTest.SearchAjio.searchpgm(SearchAjio.java:13)
at ajioTest.SearchAjio.searchpgm(SearchAjio.java:13)
at ajioTest.SearchAjio.searchpgm(SearchAjio.java:13)
at ajioTest.SearchAjio.searchpgm(SearchAjio.java:13)
at ajioTest.SearchAjio.searchpgm(SearchAjio.java:13)
at ajioTest.SearchAjio.searchpgm(SearchAjio.java:13)
at ajioTest.SearchAjio.searchpgm(SearchAjio.java:13)
at ajioTest.SearchAjio.searchpgm(SearchAjio.java:13)
at ajioTest.SearchAjio.searchpgm(SearchAjio.java:13)
at ajioTest.SearchAjio.searchpgm(SearchAjio.java:13)
at ajioTest.SearchAjio.searchpgm(SearchAjio.java:13)
at ajioTest.SearchAjio.searchpgm(SearchAjio.java:13)
at ajioTest.SearchAjio.searchpgm(SearchAjio.java:13)
at ajioTest.SearchAjio.searchpgm(SearchAjio.java:13)
at ajioTest.SearchAjio.searchpgm(SearchAjio.java:13)
at ajioTest.SearchAjio.searchpgm(SearchAjio.java:13)
at ajioTest.SearchAjio.searchpgm(SearchAjio.java:13)
at ajioTest.SearchAjio.searchpgm(SearchAjio.java:13)
at ajioTest.SearchAjio.searchpgm(SearchAjio.java:13)
at ajioTest.SearchAjio.searchpgm(SearchAjio.java:13)
at ajioTest.SearchAjio.searchpgm(SearchAjio.java:13)
at ajioTest.SearchAjio.searchpgm(SearchAjio.java:13)
at ajioTest.SearchAjio.searchpgm(SearchAjio.java:13)
at ajioTest.SearchAjio.searchpgm(SearchAjio.java:13)
at ajioTest.SearchAjio.searchpgm(SearchAjio.java:13)
at ajioTest.SearchAjio.searchpgm(SearchAjio.java:13)
at ajioTest.SearchAjio.searchpgm(SearchAjio.java:13)
at ajioTest.SearchAjio.searchpgm(SearchAjio.java:13)
at ajioTest.SearchAjio.searchpgm(SearchAjio.java:13)
at ajioTest.SearchAjio.searchpgm(SearchAjio.java:13)
at ajioTest.SearchAjio.searchpgm(SearchAjio.java:13)
at ajioTest.SearchAjio.searchpgm(SearchAjio.java:13)
at ajioTest.SearchAjio.searchpgm(SearchAjio.java:13)
at ajioTest.SearchAjio.searchpgm(SearchAjio.java:13)
at ajioTest.SearchAjio.searchpgm(SearchAjio.java:13)
at ajioTest.SearchAjio.searchpgm(SearchAjio.java:13)
at ajioTest.SearchAjio.searchpgm(SearchAjio.java:13)
at ajioTest.SearchAjio.searchpgm(SearchAjio.java:13)
at ajioTest.SearchAjio.searchpgm(SearchAjio.java:13)
at ajioTest.SearchAjio.searchpgm(SearchAjio.java:13)
at ajioTest.SearchAjio.searchpgm(SearchAjio.java:13)
at ajioTest.SearchAjio.searchpgm(SearchAjio.java:13)
at ajioTest.SearchAjio.searchpgm(SearchAjio.java:13)
at ajioTest.SearchAjio.searchpgm(SearchAjio.java:13)
at ajioTest.SearchAjio.searchpgm(SearchAjio.java:13)
at ajioTest.SearchAjio.searchpgm(SearchAjio.java:13)
at ajioTest.SearchAjio.searchpgm(SearchAjio.java:13)
at ajioTest.SearchAjio.searchpgm(SearchAjio.java:13)
at ajioTest.SearchAjio.searchpgm(SearchAjio.java:13)
at ajioTest.SearchAjio.searchpgm(SearchAjio.java:13)
at ajioTest.SearchAjio.searchpgm(SearchAjio.java:13)
at ajioTest.SearchAjio.searchpgm(SearchAjio.java:13)
at ajioTest.SearchAjio.searchpgm(SearchAjio.java:13)
at ajioTest.SearchAjio.searchpgm(SearchAjio.java:13)
at ajioTest.SearchAjio.searchpgm(SearchAjio.java:13)
at ajioTest.SearchAjio.searchpgm(SearchAjio.java:13)
at ajioTest.SearchAjio.searchpgm(SearchAjio.java:13)
at ajioTest.SearchAjio.searchpgm(SearchAjio.java:13)
at ajioTest.SearchAjio.searchpgm(SearchAjio.java:13)
at ajioTest.SearchAjio.searchpgm(SearchAjio.java:13)
at ajioTest.SearchAjio.searchpgm(SearchAjio.java:13)
at ajioTest.SearchAjio.searchpgm(SearchAjio.java:13)
at ajioTest.SearchAjio.searchpgm(SearchAjio.java:13)
at ajioTest.SearchAjio.searchpgm(SearchAjio.java:13)
at ajioTest.SearchAjio.searchpgm(SearchAjio.java:13)
at ajioTest.SearchAjio.searchpgm(SearchAjio.java:13)
at ajioTest.SearchAjio.searchpgm(SearchAjio.java:13)
at ajioTest.SearchAjio.searchpgm(SearchAjio.java:13)
at ajioTest.SearchAjio.searchpgm(SearchAjio.java:13)
at ajioTest.SearchAjio.searchpgm(SearchAjio.java:13)
at ajioTest.SearchAjio.searchpgm(SearchAjio.java:13)
at ajioTest.SearchAjio.searchpgm(SearchAjio.java:13)
at ajioTest.SearchAjio.searchpgm(SearchAjio.java:13)
at ajioTest.SearchAjio.searchpgm(SearchAjio.java:13)
at ajioTest.SearchAjio.searchpgm(SearchAjio.java:13)
at ajioTest.SearchAjio.searchpgm(SearchAjio.java:13)
at ajioTest.SearchAjio.searchpgm(SearchAjio.java:13)
at ajioTest.SearchAjio.searchpgm(SearchAjio.java:13)
at ajioTest.SearchAjio.searchpgm(SearchAjio.java:13)
at ajioTest.SearchAjio.searchpgm(SearchAjio.java:13)
at ajioTest.SearchAjio.searchpgm(SearchAjio.java:13)
at ajioTest.SearchAjio.searchpgm(SearchAjio.java:13)
at ajioTest.SearchAjio.searchpgm(SearchAjio.java:13)
at ajioTest.SearchAjio.searchpgm(SearchAjio.java:13)
at ajioTest.SearchAjio.searchpgm(SearchAjio.java:13)
at ajioTest.SearchAjio.searchpgm(SearchAjio.java:13)
at ajioTest.SearchAjio.searchpgm(SearchAjio.java:13)
at ajioTest.SearchAjio.searchpgm(SearchAjio.java:13)
at ajioTest.SearchAjio.searchpgm(SearchAjio.java:13)
at ajioTest.SearchAjio.searchpgm(SearchAjio.java:13)
at ajioTest.SearchAjio.searchpgm(SearchAjio.java:13)
at ajioTest.SearchAjio.searchpgm(SearchAjio.java:13)
at ajioTest.SearchAjio.searchpgm(SearchAjio.java:13)
at ajioTest.SearchAjio.searchpgm(SearchAjio.java:13)
at ajioTest.SearchAjio.searchpgm(SearchAjio.java:13)
at ajioTest.SearchAjio.searchpgm(SearchAjio.java:13)
at ajioTest.SearchAjio.searchpgm(SearchAjio.java:13)
at ajioTest.SearchAjio.searchpgm(SearchAjio.java:13)
at ajioTest.SearchAjio.searchpgm(SearchAjio.java:13)
at ajioTest.SearchAjio.searchpgm(SearchAjio.java:13)
at ajioTest.SearchAjio.searchpgm(SearchAjio.java:13)
at ajioTest.SearchAjio.searchpgm(SearchAjio.java:13)
at ajioTest.SearchAjio.searchpgm(SearchAjio.java:13)
at ajioTest.SearchAjio.searchpgm(SearchAjio.java:13)
at ajioTest.SearchAjio.searchpgm(SearchAjio.java:13)
at ajioTest.SearchAjio.searchpgm(SearchAjio.java:13)
at ajioTest.SearchAjio.searchpgm(SearchAjio.java:13)
at ajioTest.SearchAjio.searchpgm(SearchAjio.java:13)
at ajioTest.SearchAjio.searchpgm(SearchAjio.java:13)
at ajioTest.SearchAjio.searchpgm(SearchAjio.java:13)
at ajioTest.SearchAjio.searchpgm(SearchAjio.java:13)
at ajioTest.SearchAjio.searchpgm(SearchAjio.java:13)
at ajioTest.SearchAjio.searchpgm(SearchAjio.java:13)
at ajioTest.SearchAjio.searchpgm(SearchAjio.java:13)
at ajioTest.SearchAjio.searchpgm(SearchAjio.java:13)
at ajioTest.SearchAjio.searchpgm(SearchAjio.java:13)
at ajioTest.SearchAjio.searchpgm(SearchAjio.java:13)
at ajioTest.SearchAjio.searchpgm(SearchAjio.java:13)
at ajioTest.SearchAjio.searchpgm(SearchAjio.java:13)
at ajioTest.SearchAjio.searchpgm(SearchAjio.java:13)
at ajioTest.SearchAjio.searchpgm(SearchAjio.java:13)
at ajioTest.SearchAjio.searchpgm(SearchAjio.java:13)
at ajioTest.SearchAjio.searchpgm(SearchAjio.java:13)
at ajioTest.SearchAjio.searchpgm(SearchAjio.java:13)
at ajioTest.SearchAjio.searchpgm(SearchAjio.java:13)
at ajioTest.SearchAjio.searchpgm(SearchAjio.java:13)
at ajioTest.SearchAjio.searchpgm(SearchAjio.java:13)
at ajioTest.SearchAjio.searchpgm(SearchAjio.java:13)
at ajioTest.SearchAjio.searchpgm(SearchAjio.java:13)
at ajioTest.SearchAjio.searchpgm(SearchAjio.java:13)
at ajioTest.SearchAjio.searchpgm(SearchAjio.java:13)
at ajioTest.SearchAjio.searchpgm(SearchAjio.java:13)
at ajioTest.SearchAjio.searchpgm(SearchAjio.java:13)
at ajioTest.SearchAjio.searchpgm(SearchAjio.java:13)
at ajioTest.SearchAjio.searchpgm(SearchAjio.java:13)
at ajioTest.SearchAjio.searchpgm(SearchAjio.java:13)
at ajioTest.SearchAjio.searchpgm(SearchAjio.java:13)
at ajioTest.SearchAjio.searchpgm(SearchAjio.java:13)
at ajioTest.SearchAjio.searchpgm(SearchAjio.java:13)
at ajioTest.SearchAjio.searchpgm(SearchAjio.java:13)
at ajioTest.SearchAjio.searchpgm(SearchAjio.java:13)
at ajioTest.SearchAjio.searchpgm(SearchAjio.java:13)
at ajioTest.SearchAjio.searchpgm(SearchAjio.java:13)
at ajioTest.SearchAjio.searchpgm(SearchAjio.java:13)
at ajioTest.SearchAjio.searchpgm(SearchAjio.java:13)
at ajioTest.SearchAjio.searchpgm(SearchAjio.java:13)
at ajioTest.SearchAjio.searchpgm(SearchAjio.java:13)
at ajioTest.SearchAjio.searchpgm(SearchAjio.java:13)
at ajioTest.SearchAjio.searchpgm(SearchAjio.java:13)
at ajioTest.SearchAjio.searchpgm(SearchAjio.java:13)
at ajioTest.SearchAjio.searchpgm(SearchAjio.java:13)
at ajioTest.SearchAjio.searchpgm(SearchAjio.java:13)
at ajioTest.SearchAjio.searchpgm(SearchAjio.java:13)
at ajioTest.SearchAjio.searchpgm(SearchAjio.java:13)
at ajioTest.SearchAjio.searchpgm(SearchAjio.java:13)
at ajioTest.SearchAjio.searchpgm(SearchAjio.java:13)
at ajioTest.SearchAjio.searchpgm(SearchAjio.java:13)
at ajioTest.SearchAjio.searchpgm(SearchAjio.java:13)
at ajioTest.SearchAjio.searchpgm(SearchAjio.java:13)
at ajioTest.SearchAjio.searchpgm(SearchAjio.java:13)
at ajioTest.SearchAjio.searchpgm(SearchAjio.java:13)
at ajioTest.SearchAjio.searchpgm(SearchAjio.java:13)
at ajioTest.SearchAjio.searchpgm(SearchAjio.java:13)
at ajioTest.SearchAjio.searchpgm(SearchAjio.java:13)
at ajioTest.SearchAjio.searchpgm(SearchAjio.java:13)
at ajioTest.SearchAjio.searchpgm(SearchAjio.java:13)
at ajioTest.SearchAjio.searchpgm(SearchAjio.java:13)
at ajioTest.SearchAjio.searchpgm(SearchAjio.java:13)
at ajioTest.SearchAjio.searchpgm(SearchAjio.java:13)
at ajioTest.SearchAjio.searchpgm(SearchAjio.java:13)
at ajioTest.SearchAjio.searchpgm(SearchAjio.java:13)
at ajioTest.SearchAjio.searchpgm(SearchAjio.java:13)
at ajioTest.SearchAjio.searchpgm(SearchAjio.java:13)
at ajioTest.SearchAjio.searchpgm(SearchAjio.java:13)
at ajioTest.SearchAjio.searchpgm(SearchAjio.java:13)
at ajioTest.SearchAjio.searchpgm(SearchAjio.java:13)
at ajioTest.SearchAjio.searchpgm(SearchAjio.java:13)
at ajioTest.SearchAjio.searchpgm(SearchAjio.java:13)
at ajioTest.SearchAjio.searchpgm(SearchAjio.java:13)
at ajioTest.SearchAjio.searchpgm(SearchAjio.java:13)
at ajioTest.SearchAjio.searchpgm(SearchAjio.java:13)
at ajioTest.SearchAjio.searchpgm(SearchAjio.java:13)
at ajioTest.SearchAjio.searchpgm(SearchAjio.java:13)
at ajioTest.SearchAjio.searchpgm(SearchAjio.java:13)
at ajioTest.SearchAjio.searchpgm(SearchAjio.java:13)
at ajioTest.SearchAjio.searchpgm(SearchAjio.java:13)
at ajioTest.SearchAjio.searchpgm(SearchAjio.java:13)
at ajioTest.SearchAjio.searchpgm(SearchAjio.java:13)
at ajioTest.SearchAjio.searchpgm(SearchAjio.java:13)
at ajioTest.SearchAjio.searchpgm(SearchAjio.java:13)
at ajioTest.SearchAjio.searchpgm(SearchAjio.java:13)
at ajioTest.SearchAjio.searchpgm(SearchAjio.java:13)
at ajioTest.SearchAjio.searchpgm(SearchAjio.java:13)
at ajioTest.SearchAjio.searchpgm(SearchAjio.java:13)
at ajioTest.SearchAjio.searchpgm(SearchAjio.java:13)
at ajioTest.SearchAjio.searchpgm(SearchAjio.java:13)
at ajioTest.SearchAjio.searchpgm(SearchAjio.java:13)
at ajioTest.SearchAjio.searchpgm(SearchAjio.java:13)
at ajioTest.SearchAjio.searchpgm(SearchAjio.java:13)
at ajioTest.SearchAjio.searchpgm(SearchAjio.java:13)
at ajioTest.SearchAjio.searchpgm(SearchAjio.java:13)
at ajioTest.SearchAjio.searchpgm(SearchAjio.java:13)
at ajioTest.SearchAjio.searchpgm(SearchAjio.java:13)
at ajioTest.SearchAjio.searchpgm(SearchAjio.java:13)
at ajioTest.SearchAjio.searchpgm(SearchAjio.java:13)
at ajioTest.SearchAjio.searchpgm(SearchAjio.java:13)
at ajioTest.SearchAjio.searchpgm(SearchAjio.java:13)
at ajioTest.SearchAjio.searchpgm(SearchAjio.java:13)
at ajioTest.SearchAjio.searchpgm(SearchAjio.java:13)
at ajioTest.SearchAjio.searchpgm(SearchAjio.java:13)
at ajioTest.SearchAjio.searchpgm(SearchAjio.java:13)
at ajioTest.SearchAjio.searchpgm(SearchAjio.java:13)
at ajioTest.SearchAjio.searchpgm(SearchAjio.java:13)
at ajioTest.SearchAjio.searchpgm(SearchAjio.java:13)
at ajioTest.SearchAjio.searchpgm(SearchAjio.java:13)
at ajioTest.SearchAjio.searchpgm(SearchAjio.java:13)
at ajioTest.SearchAjio.searchpgm(SearchAjio.java:13)
at ajioTest.SearchAjio.searchpgm(SearchAjio.java:13)
at ajioTest.SearchAjio.searchpgm(SearchAjio.java:13)
at ajioTest.SearchAjio.searchpgm(SearchAjio.java:13)
at ajioTest.SearchAjio.searchpgm(SearchAjio.java:13)
at ajioTest.SearchAjio.searchpgm(SearchAjio.java:13)
at ajioTest.SearchAjio.searchpgm(SearchAjio.java:13)
at ajioTest.SearchAjio.searchpgm(SearchAjio.java:13)
at ajioTest.SearchAjio.searchpgm(SearchAjio.java:13)
at ajioTest.SearchAjio.searchpgm(SearchAjio.java:13)
at ajioTest.SearchAjio.searchpgm(SearchAjio.java:13)
at ajioTest.SearchAjio.searchpgm(SearchAjio.java:13)
at ajioTest.SearchAjio.searchpgm(SearchAjio.java:13)
at ajioTest.SearchAjio.searchpgm(SearchAjio.java:13)
at ajioTest.SearchAjio.searchpgm(SearchAjio.java:13)
at ajioTest.SearchAjio.searchpgm(SearchAjio.java:13)
at ajioTest.SearchAjio.searchpgm(SearchAjio.java:13)
at ajioTest.SearchAjio.searchpgm(SearchAjio.java:13)
at ajioTest.SearchAjio.searchpgm(SearchAjio.java:13)
at ajioTest.SearchAjio.searchpgm(SearchAjio.java:13)
at ajioTest.SearchAjio.searchpgm(SearchAjio.java:13)
at ajioTest.SearchAjio.searchpgm(SearchAjio.java:13)
at ajioTest.SearchAjio.searchpgm(SearchAjio.java:13)
at ajioTest.SearchAjio.searchpgm(SearchAjio.java:13)
at ajioTest.SearchAjio.searchpgm(SearchAjio.java:13)
at ajioTest.SearchAjio.searchpgm(SearchAjio.java:13)
at ajioTest.SearchAjio.searchpgm(SearchAjio.java:13)
at ajioTest.SearchAjio.searchpgm(SearchAjio.java:13)
at ajioTest.SearchAjio.searchpgm(SearchAjio.java:13)
at ajioTest.SearchAjio.searchpgm(SearchAjio.java:13)
at ajioTest.SearchAjio.searchpgm(SearchAjio.java:13)
at ajioTest.SearchAjio.searchpgm(SearchAjio.java:13)
at ajioTest.SearchAjio.searchpgm(SearchAjio.java:13)
at ajioTest.SearchAjio.searchpgm(SearchAjio.java:13)
at ajioTest.SearchAjio.searchpgm(SearchAjio.java:13)
at ajioTest.SearchAjio.searchpgm(SearchAjio.java:13)
at ajioTest.SearchAjio.searchpgm(SearchAjio.java:13)
at ajioTest.SearchAjio.searchpgm(SearchAjio.java:13)
at ajioTest.SearchAjio.searchpgm(SearchAjio.java:13)
at ajioTest.SearchAjio.searchpgm(SearchAjio.java:13)
at ajioTest.SearchAjio.searchpgm(SearchAjio.java:13)
at ajioTest.SearchAjio.searchpgm(SearchAjio.java:13)
at ajioTest.SearchAjio.searchpgm(SearchAjio.java:13)
at ajioTest.SearchAjio.searchpgm(SearchAjio.java:13)
at ajioTest.SearchAjio.searchpgm(SearchAjio.java:13)
at ajioTest.SearchAjio.searchpgm(SearchAjio.java:13)
at ajioTest.SearchAjio.searchpgm(SearchAjio.java:13)
at ajioTest.SearchAjio.searchpgm(SearchAjio.java:13)
at ajioTest.SearchAjio.searchpgm(SearchAjio.java:13)
at ajioTest.SearchAjio.searchpgm(SearchAjio.java:13)
at ajioTest.SearchAjio.searchpgm(SearchAjio.java:13)
at ajioTest.SearchAjio.searchpgm(SearchAjio.java:13)
at ajioTest.SearchAjio.searchpgm(SearchAjio.java:13)
at ajioTest.SearchAjio.searchpgm(SearchAjio.java:13)
at ajioTest.SearchAjio.searchpgm(SearchAjio.java:13)
at ajioTest.SearchAjio.searchpgm(SearchAjio.java:13)
at ajioTest.SearchAjio.searchpgm(SearchAjio.java:13)
at ajioTest.SearchAjio.searchpgm(SearchAjio.java:13)
at ajioTest.SearchAjio.searchpgm(SearchAjio.java:13)
at ajioTest.SearchAjio.searchpgm(SearchAjio.java:13)
at ajioTest.SearchAjio.searchpgm(SearchAjio.java:13)
at ajioTest.SearchAjio.searchpgm(SearchAjio.java:13)
at ajioTest.SearchAjio.searchpgm(SearchAjio.java:13)
at ajioTest.SearchAjio.searchpgm(SearchAjio.java:13)
at ajioTest.SearchAjio.searchpgm(SearchAjio.java:13)
at ajioTest.SearchAjio.searchpgm(SearchAjio.java:13)
at ajioTest.SearchAjio.searchpgm(SearchAjio.java:13)
at ajioTest.SearchAjio.searchpgm(SearchAjio.java:13)
at ajioTest.SearchAjio.searchpgm(SearchAjio.java:13)
at ajioTest.SearchAjio.searchpgm(SearchAjio.java:13)
at ajioTest.SearchAjio.searchpgm(SearchAjio.java:13)
at ajioTest.SearchAjio.searchpgm(SearchAjio.java:13)
at ajioTest.SearchAjio.searchpgm(SearchAjio.java:13)
at ajioTest.SearchAjio.searchpgm(SearchAjio.java:13)
at ajioTest.SearchAjio.searchpgm(SearchAjio.java:13)
at ajioTest.SearchAjio.searchpgm(SearchAjio.java:13)
at ajioTest.SearchAjio.searchpgm(SearchAjio.java:13)
at ajioTest.SearchAjio.searchpgm(SearchAjio.java:13)
at ajioTest.SearchAjio.searchpgm(SearchAjio.java:13)
at ajioTest.SearchAjio.searchpgm(SearchAjio.java:13)
at ajioTest.SearchAjio.searchpgm(SearchAjio.java:13)
at ajioTest.SearchAjio.searchpgm(SearchAjio.java:13)
at ajioTest.SearchAjio.searchpgm(SearchAjio.java:13)
at ajioTest.SearchAjio.searchpgm(SearchAjio.java:13)
at ajioTest.SearchAjio.searchpgm(SearchAjio.java:13)
at ajioTest.SearchAjio.searchpgm(SearchAjio.java:13)
at ajioTest.SearchAjio.searchpgm(SearchAjio.java:13)
at ajioTest.SearchAjio.searchpgm(SearchAjio.java:13)
at ajioTest.SearchAjio.searchpgm(SearchAjio.java:13)
at ajioTest.SearchAjio.searchpgm(SearchAjio.java:13)
at ajioTest.SearchAjio.searchpgm(SearchAjio.java:13)
at ajioTest.SearchAjio.searchpgm(SearchAjio.java:13)
at ajioTest.SearchAjio.searchpgm(SearchAjio.java:13)
at ajioTest.SearchAjio.searchpgm(SearchAjio.java:13)
at ajioTest.SearchAjio.searchpgm(SearchAjio.java:13)
at ajioTest.SearchAjio.searchpgm(SearchAjio.java:13)
at ajioTest.SearchAjio.searchpgm(SearchAjio.java:13)
at ajioTest.SearchAjio.searchpgm(SearchAjio.java:13)
at ajioTest.SearchAjio.searchpgm(SearchAjio.java:13)
at ajioTest.SearchAjio.searchpgm(SearchAjio.java:13)
at ajioTest.SearchAjio.searchpgm(SearchAjio.java:13)
at ajioTest.SearchAjio.searchpgm(SearchAjio.java:13)
at ajioTest.SearchAjio.searchpgm(SearchAjio.java:13)
at ajioTest.SearchAjio.searchpgm(SearchAjio.java:13)
at ajioTest.SearchAjio.searchpgm(SearchAjio.java:13)
at ajioTest.SearchAjio.searchpgm(SearchAjio.java:13)
at ajioTest.SearchAjio.searchpgm(SearchAjio.java:13)
at ajioTest.SearchAjio.searchpgm(SearchAjio.java:13)
at ajioTest.SearchAjio.searchpgm(SearchAjio.java:13)
at ajioTest.SearchAjio.searchpgm(SearchAjio.java:13)
at ajioTest.SearchAjio.searchpgm(SearchAjio.java:13)
at ajioTest.SearchAjio.searchpgm(SearchAjio.java:13)
at ajioTest.SearchAjio.searchpgm(SearchAjio.java:13)
at ajioTest.SearchAjio.searchpgm(SearchAjio.java:13)
at ajioTest.SearchAjio.searchpgm(SearchAjio.java:13)
at ajioTest.SearchAjio.searchpgm(SearchAjio.java:13)
at ajioTest.SearchAjio.searchpgm(SearchAjio.java:13)
at ajioTest.SearchAjio.searchpgm(SearchAjio.java:13)
at ajioTest.SearchAjio.searchpgm(SearchAjio.java:13)
at ajioTest.SearchAjio.searchpgm(SearchAjio.java:13)
at ajioTest.SearchAjio.searchpgm(SearchAjio.java:13)
at ajioTest.SearchAjio.searchpgm(SearchAjio.java:13)
at ajioTest.SearchAjio.searchpgm(SearchAjio.java:13)
at ajioTest.SearchAjio.searchpgm(SearchAjio.java:13)
at ajioTest.SearchAjio.searchpgm(SearchAjio.java:13)
at ajioTest.SearchAjio.searchpgm(SearchAjio.java:13)
at ajioTest.SearchAjio.searchpgm(SearchAjio.java:13)
at ajioTest.SearchAjio.searchpgm(SearchAjio.java:13)
at ajioTest.SearchAjio.searchpgm(SearchAjio.java:13)
at ajioTest.SearchAjio.searchpgm(SearchAjio.java:13)
at ajioTest.SearchAjio.searchpgm(SearchAjio.java:13)
at ajioTest.SearchAjio.searchpgm(SearchAjio.java:13)
at ajioTest.SearchAjio.searchpgm(SearchAjio.java:13)
at ajioTest.SearchAjio.searchpgm(SearchAjio.java:13)
at ajioTest.SearchAjio.searchpgm(SearchAjio.java:13)
at ajioTest.SearchAjio.searchpgm(SearchAjio.java:13)
at ajioTest.SearchAjio.searchpgm(SearchAjio.java:13)
at ajioTest.SearchAjio.searchpgm(SearchAjio.java:13)
at ajioTest.SearchAjio.searchpgm(SearchAjio.java:13)
at ajioTest.SearchAjio.searchpgm(SearchAjio.java:13)
at ajioTest.SearchAjio.searchpgm(SearchAjio.java:13)
at ajioTest.SearchAjio.searchpgm(SearchAjio.java:13)
at ajioTest.SearchAjio.searchpgm(SearchAjio.java:13)
at ajioTest.SearchAjio.searchpgm(SearchAjio.java:13)
at ajioTest.SearchAjio.searchpgm(SearchAjio.java:13)
at ajioTest.SearchAjio.searchpgm(SearchAjio.java:13)
at ajioTest.SearchAjio.searchpgm(SearchAjio.java:13)
at ajioTest.SearchAjio.searchpgm(SearchAjio.java:13)
at ajioTest.SearchAjio.searchpgm(SearchAjio.java:13)
at ajioTest.SearchAjio.searchpgm(SearchAjio.java:13)
at ajioTest.SearchAjio.searchpgm(SearchAjio.java:13)
at ajioTest.SearchAjio.searchpgm(SearchAjio.java:13)
at ajioTest.SearchAjio.searchpgm(SearchAjio.java:13)
at ajioTest.SearchAjio.searchpgm(SearchAjio.java:13)
at ajioTest.SearchAjio.searchpgm(SearchAjio.java:13)
at ajioTest.SearchAjio.searchpgm(SearchAjio.java:13)
at ajioTest.SearchAjio.searchpgm(SearchAjio.java:13)
at ajioTest.SearchAjio.searchpgm(SearchAjio.java:13)
at ajioTest.SearchAjio.searchpgm(SearchAjio.java:13)
at ajioTest.SearchAjio.searchpgm(SearchAjio.java:13)
at ajioTest.SearchAjio.searchpgm(SearchAjio.java:13)
at ajioTest.SearchAjio.searchpgm(SearchAjio.java:13)
at ajioTest.SearchAjio.searchpgm(SearchAjio.java:13)
at ajioTest.SearchAjio.searchpgm(SearchAjio.java:13)
at ajioTest.SearchAjio.searchpgm(SearchAjio.java:13)
at ajioTest.SearchAjio.searchpgm(SearchAjio.java:13)
at ajioTest.SearchAjio.searchpgm(SearchAjio.java:13)
at ajioTest.SearchAjio.searchpgm(SearchAjio.java:13)
at ajioTest.SearchAjio.searchpgm(SearchAjio.java:13)
at ajioTest.SearchAjio.searchpgm(SearchAjio.java:13)
at ajioTest.SearchAjio.searchpgm(SearchAjio.java:13)
at ajioTest.SearchAjio.searchpgm(SearchAjio.java:13)
at ajioTest.SearchAjio.searchpgm(SearchAjio.java:13)
at ajioTest.SearchAjio.searchpgm(SearchAjio.java:13)
at ajioTest.SearchAjio.searchpgm(SearchAjio.java:13)
at ajioTest.SearchAjio.searchpgm(SearchAjio.java:13)
at ajioTest.SearchAjio.searchpgm(SearchAjio.java:13)
at ajioTest.SearchAjio.searchpgm(SearchAjio.java:13)
at ajioTest.SearchAjio.searchpgm(SearchAjio.java:13)
at ajioTest.SearchAjio.searchpgm(SearchAjio.java:13)
at ajioTest.SearchAjio.searchpgm(SearchAjio.java:13)
at ajioTest.SearchAjio.searchpgm(SearchAjio.java:13)
at ajioTest.SearchAjio.searchpgm(SearchAjio.java:13)
at ajioTest.SearchAjio.searchpgm(SearchAjio.java:13)
at ajioTest.SearchAjio.searchpgm(SearchAjio.java:13)
at ajioTest.SearchAjio.searchpgm(SearchAjio.java:13)
at ajioTest.SearchAjio.searchpgm(SearchAjio.java:13)
at ajioTest.SearchAjio.searchpgm(SearchAjio.java:13)
at ajioTest.SearchAjio.searchpgm(SearchAjio.java:13)
at ajioTest.SearchAjio.searchpgm(SearchAjio.java:13)
at ajioTest.SearchAjio.searchpgm(SearchAjio.java:13)
at ajioTest.SearchAjio.searchpgm(SearchAjio.java:13)
at ajioTest.SearchAjio.searchpgm(SearchAjio.java:13)
at ajioTest.SearchAjio.searchpgm(SearchAjio.java:13)
at ajioTest.SearchAjio.searchpgm(SearchAjio.java:13)
at ajioTest.SearchAjio.searchpgm(SearchAjio.java:13)
at ajioTest.SearchAjio.searchpgm(SearchAjio.java:13)
at ajioTest.SearchAjio.searchpgm(SearchAjio.java:13)
at ajioTest.SearchAjio.searchpgm(SearchAjio.java:13)
at ajioTest.SearchAjio.searchpgm(SearchAjio.java:13)
at ajioTest.SearchAjio.searchpgm(SearchAjio.java:13)
at ajioTest.SearchAjio.searchpgm(SearchAjio.java:13)
at ajioTest.SearchAjio.searchpgm(SearchAjio.java:13)
at ajioTest.SearchAjio.searchpgm(SearchAjio.java:13)
at ajioTest.SearchAjio.searchpgm(SearchAjio.java:13)
at ajioTest.SearchAjio.searchpgm(SearchAjio.java:13)
at ajioTest.SearchAjio.searchpgm(SearchAjio.java:13)
at ajioTest.SearchAjio.searchpgm(SearchAjio.java:13)
at ajioTest.SearchAjio.searchpgm(SearchAjio.java:13)
at ajioTest.SearchAjio.searchpgm(SearchAjio.java:13)
at ajioTest.SearchAjio.searchpgm(SearchAjio.java:13)
at ajioTest.SearchAjio.searchpgm(SearchAjio.java:13)
at ajioTest.SearchAjio.searchpgm(SearchAjio.java:13)
at ajioTest.SearchAjio.searchpgm(SearchAjio.java:13)
at ajioTest.SearchAjio.searchpgm(SearchAjio.java:13)
at ajioTest.SearchAjio.searchpgm(SearchAjio.java:13)
at ajioTest.SearchAjio.searchpgm(SearchAjio.java:13)
at ajioTest.SearchAjio.searchpgm(SearchAjio.java:13)
at ajioTest.SearchAjio.searchpgm(SearchAjio.java:13)
at ajioTest.SearchAjio.searchpgm(SearchAjio.java:13)
at ajioTest.SearchAjio.searchpgm(SearchAjio.java:13)
at ajioTest.SearchAjio.searchpgm(SearchAjio.java:13)
at ajioTest.SearchAjio.searchpgm(SearchAjio.java:13)
at ajioTest.SearchAjio.searchpgm(SearchAjio.java:13)
at ajioTest.SearchAjio.searchpgm(SearchAjio.java:13)
at ajioTest.SearchAjio.searchpgm(SearchAjio.java:13)
at ajioTest.SearchAjio.searchpgm(SearchAjio.java:13)
at ajioTest.SearchAjio.searchpgm(SearchAjio.java:13)
at ajioTest.SearchAjio.searchpgm(SearchAjio.java:13)
at ajioTest.SearchAjio.searchpgm(SearchAjio.java:13)
at ajioTest.SearchAjio.searchpgm(SearchAjio.java:13)
at ajioTest.SearchAjio.searchpgm(SearchAjio.java:13)
at ajioTest.SearchAjio.searchpgm(SearchAjio.java:13)
at ajioTest.SearchAjio.searchpgm(SearchAjio.java:13)
at ajioTest.SearchAjio.searchpgm(SearchAjio.java:13)
at ajioTest.SearchAjio.searchpgm(SearchAjio.java:13)
at ajioTest.SearchAjio.searchpgm(SearchAjio.java:13)
at ajioTest.SearchAjio.searchpgm(SearchAjio.java:13)
at ajioTest.SearchAjio.searchpgm(SearchAjio.java:13)
at ajioTest.SearchAjio.searchpgm(SearchAjio.java:13)
at ajioTest.SearchAjio.searchpgm(SearchAjio.java:13)
at ajioTest.SearchAjio.searchpgm(SearchAjio.java:13)
at ajioTest.SearchAjio.searchpgm(SearchAjio.java:13)
at ajioTest.SearchAjio.searchpgm(SearchAjio.java:13)
at ajioTest.SearchAjio.searchpgm(SearchAjio.java:13)
at ajioTest.SearchAjio.searchpgm(SearchAjio.java:13)
at ajioTest.SearchAjio.searchpgm(SearchAjio.java:13)
at ajioTest.SearchAjio.searchpgm(SearchAjio.java:13)
at ajioTest.SearchAjio.searchpgm(SearchAjio.java:13)
at ajioTest.SearchAjio.searchpgm(SearchAjio.java:13)
at ajioTest.SearchAjio.searchpgm(SearchAjio.java:13)
at ajioTest.SearchAjio.searchpgm(SearchAjio.java:13)
at ajioTest.SearchAjio.searchpgm(SearchAjio.java:13)
at ajioTest.SearchAjio.searchpgm(SearchAjio.java:13)
at ajioTest.SearchAjio.searchpgm(SearchAjio.java:13)
at ajioTest.SearchAjio.searchpgm(SearchAjio.java:13)
at ajioTest.SearchAjio.searchpgm(SearchAjio.java:13)
at ajioTest.SearchAjio.searchpgm(SearchAjio.java:13)
at ajioTest.SearchAjio.searchpgm(SearchAjio.java:13)
at ajioTest.SearchAjio.searchpgm(SearchAjio.java:13)
at ajioTest.SearchAjio.searchpgm(SearchAjio.java:13)
at ajioTest.SearchAjio.searchpgm(SearchAjio.java:13)
at ajioTest.SearchAjio.searchpgm(SearchAjio.java:13)
at ajioTest.SearchAjio.searchpgm(SearchAjio.java:13)
at ajioTest.SearchAjio.searchpgm(SearchAjio.java:13)
at ajioTest.SearchAjio.searchpgm(SearchAjio.java:13)
at ajioTest.SearchAjio.searchpgm(SearchAjio.java:13)
at ajioTest.SearchAjio.searchpgm(SearchAjio.java:13)
at ajioTest.SearchAjio.searchpgm(SearchAjio.java:13)
at ajioTest.SearchAjio.searchpgm(SearchAjio.java:13)
at ajioTest.SearchAjio.searchpgm(SearchAjio.java:13)
at ajioTest.SearchAjio.searchpgm(SearchAjio.java:13)
at ajioTest.SearchAjio.searchpgm(SearchAjio.java:13)
at ajioTest.SearchAjio.searchpgm(SearchAjio.java:13)
at ajioTest.SearchAjio.searchpgm(SearchAjio.java:13)
at ajioTest.SearchAjio.searchpgm(SearchAjio.java:13)
at ajioTest.SearchAjio.searchpgm(SearchAjio.java:13)
at ajioTest.SearchAjio.searchpgm(SearchAjio.java:13)
at ajioTest.SearchAjio.searchpgm(SearchAjio.java:13)
at ajioTest.SearchAjio.searchpgm(SearchAjio.java:13)
at ajioTest.SearchAjio.searchpgm(SearchAjio.java:13)
at ajioTest.SearchAjio.searchpgm(SearchAjio.java:13)
at ajioTest.SearchAjio.searchpgm(SearchAjio.java:13)
at ajioTest.SearchAjio.searchpgm(SearchAjio.java:13)
at ajioTest.SearchAjio.searchpgm(SearchAjio.java:13)
at ajioTest.SearchAjio.searchpgm(SearchAjio.java:13)
at ajioTest.SearchAjio.searchpgm(SearchAjio.java:13)
at ajioTest.SearchAjio.searchpgm(SearchAjio.java:13)
at ajioTest.SearchAjio.searchpgm(SearchAjio.java:13)
at ajioTest.SearchAjio.searchpgm(SearchAjio.java:13)
at ajioTest.SearchAjio.searchpgm(SearchAjio.java:13)
at ajioTest.SearchAjio.searchpgm(SearchAjio.java:13)
at ajioTest.SearchAjio.searchpgm(SearchAjio.java:13)
at ajioTest.SearchAjio.searchpgm(SearchAjio.java:13)
at ajioTest.SearchAjio.searchpgm(SearchAjio.java:13)
at ajioTest.SearchAjio.searchpgm(SearchAjio.java:13)
at ajioTest.SearchAjio.searchpgm(SearchAjio.java:13)
at ajioTest.SearchAjio.searchpgm(SearchAjio.java:13)
at ajioTest.SearchAjio.searchpgm(SearchAjio.java:13)
at ajioTest.SearchAjio.searchpgm(SearchAjio.java:13)
at ajioTest.SearchAjio.searchpgm(SearchAjio.java:13)
at ajioTest.SearchAjio.searchpgm(SearchAjio.java:13)
at ajioTest.SearchAjio.searchpgm(SearchAjio.java:13)
at ajioTest.SearchAjio.searchpgm(SearchAjio.java:13)
at ajioTest.SearchAjio.searchpgm(SearchAjio.java:13)
at ajioTest.SearchAjio.searchpgm(SearchAjio.java:13)
at ajioTest.SearchAjio.searchpgm(SearchAjio.java:13)
at ajioTest.SearchAjio.searchpgm(SearchAjio.java:13)
at ajioTest.SearchAjio.searchpgm(SearchAjio.java:13)
at ajioTest.SearchAjio.searchpgm(SearchAjio.java:13)
at ajioTest.SearchAjio.searchpgm(SearchAjio.java:13)
at ajioTest.SearchAjio.searchpgm(SearchAjio.java:13)
at ajioTest.SearchAjio.searchpgm(SearchAjio.java:13)
at ajioTest.SearchAjio.searchpgm(SearchAjio.java:13)
at ajioTest.SearchAjio.searchpgm(SearchAjio.java:13)
at ajioTest.SearchAjio.searchpgm(SearchAjio.java:13)
at ajioTest.SearchAjio.searchpgm(SearchAjio.java:13)
at ajioTest.SearchAjio.searchpgm(SearchAjio.java:13)
at ajioTest.SearchAjio.searchpgm(SearchAjio.java:13)
at ajioTest.SearchAjio.searchpgm(SearchAjio.java:13)
at ajioTest.SearchAjio.searchpgm(SearchAjio.java:13)
at ajioTest.SearchAjio.searchpgm(SearchAjio.java:13)
at ajioTest.SearchAjio.searchpgm(SearchAjio.java:13)
at ajioTest.SearchAjio.searchpgm(SearchAjio.java:13)
at ajioTest.SearchAjio.searchpgm(SearchAjio.java:13)
at ajioTest.SearchAjio.searchpgm(SearchAjio.java:13)
at ajioTest.SearchAjio.searchpgm(SearchAjio.java:13)
at ajioTest.SearchAjio.searchpgm(SearchAjio.java:13)
at ajioTest.SearchAjio.searchpgm(SearchAjio.java:13)
at ajioTest.SearchAjio.searchpgm(SearchAjio.java:13)
at ajioTest.SearchAjio.searchpgm(SearchAjio.java:13)
at ajioTest.SearchAjio.searchpgm(SearchAjio.java:13)
at ajioTest.SearchAjio.searchpgm(SearchAjio.java:13)
at ajioTest.SearchAjio.searchpgm(SearchAjio.java:13)
at ajioTest.SearchAjio.searchpgm(SearchAjio.java:13)
at ajioTest.SearchAjio.searchpgm(SearchAjio.java:13)
at ajioTest.SearchAjio.searchpgm(SearchAjio.java:13)
at ajioTest.SearchAjio.searchpgm(SearchAjio.java:13)
at ajioTest.SearchAjio.searchpgm(SearchAjio.java:13)
at ajioTest.SearchAjio.searchpgm(SearchAjio.java:13)
at ajioTest.SearchAjio.searchpgm(SearchAjio.java:13)
at ajioTest.SearchAjio.searchpgm(SearchAjio.java:13)
at ajioTest.SearchAjio.searchpgm(SearchAjio.java:13)
at ajioTest.SearchAjio.searchpgm(SearchAjio.java:13)
at ajioTest.SearchAjio.searchpgm(SearchAjio.java:13)
at ajioTest.SearchAjio.searchpgm(SearchAjio.java:13)
at ajioTest.SearchAjio.searchpgm(SearchAjio.java:13)
at ajioTest.SearchAjio.searchpgm(SearchAjio.java:13)
at ajioTest.SearchAjio.searchpgm(SearchAjio.java:13)
at ajioTest.SearchAjio.searchpgm(SearchAjio.java:13)
at ajioTest.SearchAjio.searchpgm(SearchAjio.java:13)
at ajioTest.SearchAjio.searchpgm(SearchAjio.java:13)
at ajioTest.SearchAjio.searchpgm(SearchAjio.java:13)
at ajioTest.SearchAjio.searchpgm(SearchAjio.java:13)
at ajioTest.SearchAjio.searchpgm(SearchAjio.java:13)
at ajioTest.SearchAjio.searchpgm(SearchAjio.java:13)
at ajioTest.SearchAjio.searchpgm(SearchAjio.java:13)
at ajioTest.SearchAjio.searchpgm(SearchAjio.java:13)
at ajioTest.SearchAjio.searchpgm(SearchAjio.java:13)
at ajioTest.SearchAjio.searchpgm(SearchAjio.java:13)
at ajioTest.SearchAjio.searchpgm(SearchAjio.java:13)
at ajioTest.SearchAjio.searchpgm(SearchAjio.java:13)
at ajioTest.SearchAjio.searchpgm(SearchAjio.java:13)
at ajioTest.SearchAjio.searchpgm(SearchAjio.java:13)
at ajioTest.SearchAjio.searchpgm(SearchAjio.java:13)
at ajioTest.SearchAjio.searchpgm(SearchAjio.java:13)
at ajioTest.SearchAjio.searchpgm(SearchAjio.java:13)
]]>
    </error>
  </testcase> <!-- searchpgm -->
  <system-out/>
</testsuite> <!-- ajioTest.SearchAjio -->
