<?xml version="1.0" encoding="UTF-8"?>
<!-- Generated by org.testng.reporters.JUnitReportReporter -->
<testsuite hostname="LAPTOP-2PTTA2TK" failures="0" tests="1" name="ajioTest.SearchAjioTest" time="0.570" errors="0" timestamp="2024-12-22T10:22:22 IST" skipped="0">
  <testcase classname="ajioTest.SearchAjioTest" name="searchpgm1" time="0.570"/>
  <system-out/>
</testsuite> <!-- ajioTest.SearchAjioTest -->
