<?xml version="1.0" encoding="UTF-8"?>
<!-- Generated by org.testng.reporters.JUnitReportReporter -->
<testsuite hostname="LAPTOP-2PTTA2TK" failures="0" tests="1" name="ajioTest.linkcunt" time="0.027" errors="1" timestamp="2024-12-22T09:19:04 IST" skipped="0">
  <testcase classname="ajioTest.linkcunt" name="Linkcount" time="0.027">
    <error type="java.lang.StackOverflowError">
      <![CDATA[java.lang.StackOverflowError
at ajioTest.linkcunt.Linkcount(linkcunt.java:13)
at ajioTest.linkcunt.Linkcount(linkcunt.java:13)
at ajioTest.linkcunt.Linkcount(linkcunt.java:13)
at ajioTest.linkcunt.Linkcount(linkcunt.java:13)
at ajioTest.linkcunt.Linkcount(linkcunt.java:13)
at ajioTest.linkcunt.Linkcount(linkcunt.java:13)
at ajioTest.linkcunt.Linkcount(linkcunt.java:13)
at ajioTest.linkcunt.Linkcount(linkcunt.java:13)
at ajioTest.linkcunt.Linkcount(linkcunt.java:13)
at ajioTest.linkcunt.Linkcount(linkcunt.java:13)
at ajioTest.linkcunt.Linkcount(linkcunt.java:13)
at ajioTest.linkcunt.Linkcount(linkcunt.java:13)
at ajioTest.linkcunt.Linkcount(linkcunt.java:13)
at ajioTest.linkcunt.Linkcount(linkcunt.java:13)
at ajioTest.linkcunt.Linkcount(linkcunt.java:13)
at ajioTest.linkcunt.Linkcount(linkcunt.java:13)
at ajioTest.linkcunt.Linkcount(linkcunt.java:13)
at ajioTest.linkcunt.Linkcount(linkcunt.java:13)
at ajioTest.linkcunt.Linkcount(linkcunt.java:13)
at ajioTest.linkcunt.Linkcount(linkcunt.java:13)
at ajioTest.linkcunt.Linkcount(linkcunt.java:13)
at ajioTest.linkcunt.Linkcount(linkcunt.java:13)
at ajioTest.linkcunt.Linkcount(linkcunt.java:13)
at ajioTest.linkcunt.Linkcount(linkcunt.java:13)
at ajioTest.linkcunt.Linkcount(linkcunt.java:13)
at ajioTest.linkcunt.Linkcount(linkcunt.java:13)
at ajioTest.linkcunt.Linkcount(linkcunt.java:13)
at ajioTest.linkcunt.Linkcount(linkcunt.java:13)
at ajioTest.linkcunt.Linkcount(linkcunt.java:13)
at ajioTest.linkcunt.Linkcount(linkcunt.java:13)
at ajioTest.linkcunt.Linkcount(linkcunt.java:13)
at ajioTest.linkcunt.Linkcount(linkcunt.java:13)
at ajioTest.linkcunt.Linkcount(linkcunt.java:13)
at ajioTest.linkcunt.Linkcount(linkcunt.java:13)
at ajioTest.linkcunt.Linkcount(linkcunt.java:13)
at ajioTest.linkcunt.Linkcount(linkcunt.java:13)
at ajioTest.linkcunt.Linkcount(linkcunt.java:13)
at ajioTest.linkcunt.Linkcount(linkcunt.java:13)
at ajioTest.linkcunt.Linkcount(linkcunt.java:13)
at ajioTest.linkcunt.Linkcount(linkcunt.java:13)
at ajioTest.linkcunt.Linkcount(linkcunt.java:13)
at ajioTest.linkcunt.Linkcount(linkcunt.java:13)
at ajioTest.linkcunt.Linkcount(linkcunt.java:13)
at ajioTest.linkcunt.Linkcount(linkcunt.java:13)
at ajioTest.linkcunt.Linkcount(linkcunt.java:13)
at ajioTest.linkcunt.Linkcount(linkcunt.java:13)
at ajioTest.linkcunt.Linkcount(linkcunt.java:13)
at ajioTest.linkcunt.Linkcount(linkcunt.java:13)
at ajioTest.linkcunt.Linkcount(linkcunt.java:13)
at ajioTest.linkcunt.Linkcount(linkcunt.java:13)
at ajioTest.linkcunt.Linkcount(linkcunt.java:13)
at ajioTest.linkcunt.Linkcount(linkcunt.java:13)
at ajioTest.linkcunt.Linkcount(linkcunt.java:13)
at ajioTest.linkcunt.Linkcount(linkcunt.java:13)
at ajioTest.linkcunt.Linkcount(linkcunt.java:13)
at ajioTest.linkcunt.Linkcount(linkcunt.java:13)
at ajioTest.linkcunt.Linkcount(linkcunt.java:13)
at ajioTest.linkcunt.Linkcount(linkcunt.java:13)
at ajioTest.linkcunt.Linkcount(linkcunt.java:13)
at ajioTest.linkcunt.Linkcount(linkcunt.java:13)
at ajioTest.linkcunt.Linkcount(linkcunt.java:13)
at ajioTest.linkcunt.Linkcount(linkcunt.java:13)
at ajioTest.linkcunt.Linkcount(linkcunt.java:13)
at ajioTest.linkcunt.Linkcount(linkcunt.java:13)
at ajioTest.linkcunt.Linkcount(linkcunt.java:13)
at ajioTest.linkcunt.Linkcount(linkcunt.java:13)
at ajioTest.linkcunt.Linkcount(linkcunt.java:13)
at ajioTest.linkcunt.Linkcount(linkcunt.java:13)
at ajioTest.linkcunt.Linkcount(linkcunt.java:13)
at ajioTest.linkcunt.Linkcount(linkcunt.java:13)
at ajioTest.linkcunt.Linkcount(linkcunt.java:13)
at ajioTest.linkcunt.Linkcount(linkcunt.java:13)
at ajioTest.linkcunt.Linkcount(linkcunt.java:13)
at ajioTest.linkcunt.Linkcount(linkcunt.java:13)
at ajioTest.linkcunt.Linkcount(linkcunt.java:13)
at ajioTest.linkcunt.Linkcount(linkcunt.java:13)
at ajioTest.linkcunt.Linkcount(linkcunt.java:13)
at ajioTest.linkcunt.Linkcount(linkcunt.java:13)
at ajioTest.linkcunt.Linkcount(linkcunt.java:13)
at ajioTest.linkcunt.Linkcount(linkcunt.java:13)
at ajioTest.linkcunt.Linkcount(linkcunt.java:13)
at ajioTest.linkcunt.Linkcount(linkcunt.java:13)
at ajioTest.linkcunt.Linkcount(linkcunt.java:13)
at ajioTest.linkcunt.Linkcount(linkcunt.java:13)
at ajioTest.linkcunt.Linkcount(linkcunt.java:13)
at ajioTest.linkcunt.Linkcount(linkcunt.java:13)
at ajioTest.linkcunt.Linkcount(linkcunt.java:13)
at ajioTest.linkcunt.Linkcount(linkcunt.java:13)
at ajioTest.linkcunt.Linkcount(linkcunt.java:13)
at ajioTest.linkcunt.Linkcount(linkcunt.java:13)
at ajioTest.linkcunt.Linkcount(linkcunt.java:13)
at ajioTest.linkcunt.Linkcount(linkcunt.java:13)
at ajioTest.linkcunt.Linkcount(linkcunt.java:13)
at ajioTest.linkcunt.Linkcount(linkcunt.java:13)
at ajioTest.linkcunt.Linkcount(linkcunt.java:13)
at ajioTest.linkcunt.Linkcount(linkcunt.java:13)
at ajioTest.linkcunt.Linkcount(linkcunt.java:13)
at ajioTest.linkcunt.Linkcount(linkcunt.java:13)
at ajioTest.linkcunt.Linkcount(linkcunt.java:13)
at ajioTest.linkcunt.Linkcount(linkcunt.java:13)
at ajioTest.linkcunt.Linkcount(linkcunt.java:13)
at ajioTest.linkcunt.Linkcount(linkcunt.java:13)
at ajioTest.linkcunt.Linkcount(linkcunt.java:13)
at ajioTest.linkcunt.Linkcount(linkcunt.java:13)
at ajioTest.linkcunt.Linkcount(linkcunt.java:13)
at ajioTest.linkcunt.Linkcount(linkcunt.java:13)
at ajioTest.linkcunt.Linkcount(linkcunt.java:13)
at ajioTest.linkcunt.Linkcount(linkcunt.java:13)
at ajioTest.linkcunt.Linkcount(linkcunt.java:13)
at ajioTest.linkcunt.Linkcount(linkcunt.java:13)
at ajioTest.linkcunt.Linkcount(linkcunt.java:13)
at ajioTest.linkcunt.Linkcount(linkcunt.java:13)
at ajioTest.linkcunt.Linkcount(linkcunt.java:13)
at ajioTest.linkcunt.Linkcount(linkcunt.java:13)
at ajioTest.linkcunt.Linkcount(linkcunt.java:13)
at ajioTest.linkcunt.Linkcount(linkcunt.java:13)
at ajioTest.linkcunt.Linkcount(linkcunt.java:13)
at ajioTest.linkcunt.Linkcount(linkcunt.java:13)
at ajioTest.linkcunt.Linkcount(linkcunt.java:13)
at ajioTest.linkcunt.Linkcount(linkcunt.java:13)
at ajioTest.linkcunt.Linkcount(linkcunt.java:13)
at ajioTest.linkcunt.Linkcount(linkcunt.java:13)
at ajioTest.linkcunt.Linkcount(linkcunt.java:13)
at ajioTest.linkcunt.Linkcount(linkcunt.java:13)
at ajioTest.linkcunt.Linkcount(linkcunt.java:13)
at ajioTest.linkcunt.Linkcount(linkcunt.java:13)
at ajioTest.linkcunt.Linkcount(linkcunt.java:13)
at ajioTest.linkcunt.Linkcount(linkcunt.java:13)
at ajioTest.linkcunt.Linkcount(linkcunt.java:13)
at ajioTest.linkcunt.Linkcount(linkcunt.java:13)
at ajioTest.linkcunt.Linkcount(linkcunt.java:13)
at ajioTest.linkcunt.Linkcount(linkcunt.java:13)
at ajioTest.linkcunt.Linkcount(linkcunt.java:13)
at ajioTest.linkcunt.Linkcount(linkcunt.java:13)
at ajioTest.linkcunt.Linkcount(linkcunt.java:13)
at ajioTest.linkcunt.Linkcount(linkcunt.java:13)
at ajioTest.linkcunt.Linkcount(linkcunt.java:13)
at ajioTest.linkcunt.Linkcount(linkcunt.java:13)
at ajioTest.linkcunt.Linkcount(linkcunt.java:13)
at ajioTest.linkcunt.Linkcount(linkcunt.java:13)
at ajioTest.linkcunt.Linkcount(linkcunt.java:13)
at ajioTest.linkcunt.Linkcount(linkcunt.java:13)
at ajioTest.linkcunt.Linkcount(linkcunt.java:13)
at ajioTest.linkcunt.Linkcount(linkcunt.java:13)
at ajioTest.linkcunt.Linkcount(linkcunt.java:13)
at ajioTest.linkcunt.Linkcount(linkcunt.java:13)
at ajioTest.linkcunt.Linkcount(linkcunt.java:13)
at ajioTest.linkcunt.Linkcount(linkcunt.java:13)
at ajioTest.linkcunt.Linkcount(linkcunt.java:13)
at ajioTest.linkcunt.Linkcount(linkcunt.java:13)
at ajioTest.linkcunt.Linkcount(linkcunt.java:13)
at ajioTest.linkcunt.Linkcount(linkcunt.java:13)
at ajioTest.linkcunt.Linkcount(linkcunt.java:13)
at ajioTest.linkcunt.Linkcount(linkcunt.java:13)
at ajioTest.linkcunt.Linkcount(linkcunt.java:13)
at ajioTest.linkcunt.Linkcount(linkcunt.java:13)
at ajioTest.linkcunt.Linkcount(linkcunt.java:13)
at ajioTest.linkcunt.Linkcount(linkcunt.java:13)
at ajioTest.linkcunt.Linkcount(linkcunt.java:13)
at ajioTest.linkcunt.Linkcount(linkcunt.java:13)
at ajioTest.linkcunt.Linkcount(linkcunt.java:13)
at ajioTest.linkcunt.Linkcount(linkcunt.java:13)
at ajioTest.linkcunt.Linkcount(linkcunt.java:13)
at ajioTest.linkcunt.Linkcount(linkcunt.java:13)
at ajioTest.linkcunt.Linkcount(linkcunt.java:13)
at ajioTest.linkcunt.Linkcount(linkcunt.java:13)
at ajioTest.linkcunt.Linkcount(linkcunt.java:13)
at ajioTest.linkcunt.Linkcount(linkcunt.java:13)
at ajioTest.linkcunt.Linkcount(linkcunt.java:13)
at ajioTest.linkcunt.Linkcount(linkcunt.java:13)
at ajioTest.linkcunt.Linkcount(linkcunt.java:13)
at ajioTest.linkcunt.Linkcount(linkcunt.java:13)
at ajioTest.linkcunt.Linkcount(linkcunt.java:13)
at ajioTest.linkcunt.Linkcount(linkcunt.java:13)
at ajioTest.linkcunt.Linkcount(linkcunt.java:13)
at ajioTest.linkcunt.Linkcount(linkcunt.java:13)
at ajioTest.linkcunt.Linkcount(linkcunt.java:13)
at ajioTest.linkcunt.Linkcount(linkcunt.java:13)
at ajioTest.linkcunt.Linkcount(linkcunt.java:13)
at ajioTest.linkcunt.Linkcount(linkcunt.java:13)
at ajioTest.linkcunt.Linkcount(linkcunt.java:13)
at ajioTest.linkcunt.Linkcount(linkcunt.java:13)
at ajioTest.linkcunt.Linkcount(linkcunt.java:13)
at ajioTest.linkcunt.Linkcount(linkcunt.java:13)
at ajioTest.linkcunt.Linkcount(linkcunt.java:13)
at ajioTest.linkcunt.Linkcount(linkcunt.java:13)
at ajioTest.linkcunt.Linkcount(linkcunt.java:13)
at ajioTest.linkcunt.Linkcount(linkcunt.java:13)
at ajioTest.linkcunt.Linkcount(linkcunt.java:13)
at ajioTest.linkcunt.Linkcount(linkcunt.java:13)
at ajioTest.linkcunt.Linkcount(linkcunt.java:13)
at ajioTest.linkcunt.Linkcount(linkcunt.java:13)
at ajioTest.linkcunt.Linkcount(linkcunt.java:13)
at ajioTest.linkcunt.Linkcount(linkcunt.java:13)
at ajioTest.linkcunt.Linkcount(linkcunt.java:13)
at ajioTest.linkcunt.Linkcount(linkcunt.java:13)
at ajioTest.linkcunt.Linkcount(linkcunt.java:13)
at ajioTest.linkcunt.Linkcount(linkcunt.java:13)
at ajioTest.linkcunt.Linkcount(linkcunt.java:13)
at ajioTest.linkcunt.Linkcount(linkcunt.java:13)
at ajioTest.linkcunt.Linkcount(linkcunt.java:13)
at ajioTest.linkcunt.Linkcount(linkcunt.java:13)
at ajioTest.linkcunt.Linkcount(linkcunt.java:13)
at ajioTest.linkcunt.Linkcount(linkcunt.java:13)
at ajioTest.linkcunt.Linkcount(linkcunt.java:13)
at ajioTest.linkcunt.Linkcount(linkcunt.java:13)
at ajioTest.linkcunt.Linkcount(linkcunt.java:13)
at ajioTest.linkcunt.Linkcount(linkcunt.java:13)
at ajioTest.linkcunt.Linkcount(linkcunt.java:13)
at ajioTest.linkcunt.Linkcount(linkcunt.java:13)
at ajioTest.linkcunt.Linkcount(linkcunt.java:13)
at ajioTest.linkcunt.Linkcount(linkcunt.java:13)
at ajioTest.linkcunt.Linkcount(linkcunt.java:13)
at ajioTest.linkcunt.Linkcount(linkcunt.java:13)
at ajioTest.linkcunt.Linkcount(linkcunt.java:13)
at ajioTest.linkcunt.Linkcount(linkcunt.java:13)
at ajioTest.linkcunt.Linkcount(linkcunt.java:13)
at ajioTest.linkcunt.Linkcount(linkcunt.java:13)
at ajioTest.linkcunt.Linkcount(linkcunt.java:13)
at ajioTest.linkcunt.Linkcount(linkcunt.java:13)
at ajioTest.linkcunt.Linkcount(linkcunt.java:13)
at ajioTest.linkcunt.Linkcount(linkcunt.java:13)
at ajioTest.linkcunt.Linkcount(linkcunt.java:13)
at ajioTest.linkcunt.Linkcount(linkcunt.java:13)
at ajioTest.linkcunt.Linkcount(linkcunt.java:13)
at ajioTest.linkcunt.Linkcount(linkcunt.java:13)
at ajioTest.linkcunt.Linkcount(linkcunt.java:13)
at ajioTest.linkcunt.Linkcount(linkcunt.java:13)
at ajioTest.linkcunt.Linkcount(linkcunt.java:13)
at ajioTest.linkcunt.Linkcount(linkcunt.java:13)
at ajioTest.linkcunt.Linkcount(linkcunt.java:13)
at ajioTest.linkcunt.Linkcount(linkcunt.java:13)
at ajioTest.linkcunt.Linkcount(linkcunt.java:13)
at ajioTest.linkcunt.Linkcount(linkcunt.java:13)
at ajioTest.linkcunt.Linkcount(linkcunt.java:13)
at ajioTest.linkcunt.Linkcount(linkcunt.java:13)
at ajioTest.linkcunt.Linkcount(linkcunt.java:13)
at ajioTest.linkcunt.Linkcount(linkcunt.java:13)
at ajioTest.linkcunt.Linkcount(linkcunt.java:13)
at ajioTest.linkcunt.Linkcount(linkcunt.java:13)
at ajioTest.linkcunt.Linkcount(linkcunt.java:13)
at ajioTest.linkcunt.Linkcount(linkcunt.java:13)
at ajioTest.linkcunt.Linkcount(linkcunt.java:13)
at ajioTest.linkcunt.Linkcount(linkcunt.java:13)
at ajioTest.linkcunt.Linkcount(linkcunt.java:13)
at ajioTest.linkcunt.Linkcount(linkcunt.java:13)
at ajioTest.linkcunt.Linkcount(linkcunt.java:13)
at ajioTest.linkcunt.Linkcount(linkcunt.java:13)
at ajioTest.linkcunt.Linkcount(linkcunt.java:13)
at ajioTest.linkcunt.Linkcount(linkcunt.java:13)
at ajioTest.linkcunt.Linkcount(linkcunt.java:13)
at ajioTest.linkcunt.Linkcount(linkcunt.java:13)
at ajioTest.linkcunt.Linkcount(linkcunt.java:13)
at ajioTest.linkcunt.Linkcount(linkcunt.java:13)
at ajioTest.linkcunt.Linkcount(linkcunt.java:13)
at ajioTest.linkcunt.Linkcount(linkcunt.java:13)
at ajioTest.linkcunt.Linkcount(linkcunt.java:13)
at ajioTest.linkcunt.Linkcount(linkcunt.java:13)
at ajioTest.linkcunt.Linkcount(linkcunt.java:13)
at ajioTest.linkcunt.Linkcount(linkcunt.java:13)
at ajioTest.linkcunt.Linkcount(linkcunt.java:13)
at ajioTest.linkcunt.Linkcount(linkcunt.java:13)
at ajioTest.linkcunt.Linkcount(linkcunt.java:13)
at ajioTest.linkcunt.Linkcount(linkcunt.java:13)
at ajioTest.linkcunt.Linkcount(linkcunt.java:13)
at ajioTest.linkcunt.Linkcount(linkcunt.java:13)
at ajioTest.linkcunt.Linkcount(linkcunt.java:13)
at ajioTest.linkcunt.Linkcount(linkcunt.java:13)
at ajioTest.linkcunt.Linkcount(linkcunt.java:13)
at ajioTest.linkcunt.Linkcount(linkcunt.java:13)
at ajioTest.linkcunt.Linkcount(linkcunt.java:13)
at ajioTest.linkcunt.Linkcount(linkcunt.java:13)
at ajioTest.linkcunt.Linkcount(linkcunt.java:13)
at ajioTest.linkcunt.Linkcount(linkcunt.java:13)
at ajioTest.linkcunt.Linkcount(linkcunt.java:13)
at ajioTest.linkcunt.Linkcount(linkcunt.java:13)
at ajioTest.linkcunt.Linkcount(linkcunt.java:13)
at ajioTest.linkcunt.Linkcount(linkcunt.java:13)
at ajioTest.linkcunt.Linkcount(linkcunt.java:13)
at ajioTest.linkcunt.Linkcount(linkcunt.java:13)
at ajioTest.linkcunt.Linkcount(linkcunt.java:13)
at ajioTest.linkcunt.Linkcount(linkcunt.java:13)
at ajioTest.linkcunt.Linkcount(linkcunt.java:13)
at ajioTest.linkcunt.Linkcount(linkcunt.java:13)
at ajioTest.linkcunt.Linkcount(linkcunt.java:13)
at ajioTest.linkcunt.Linkcount(linkcunt.java:13)
at ajioTest.linkcunt.Linkcount(linkcunt.java:13)
at ajioTest.linkcunt.Linkcount(linkcunt.java:13)
at ajioTest.linkcunt.Linkcount(linkcunt.java:13)
at ajioTest.linkcunt.Linkcount(linkcunt.java:13)
at ajioTest.linkcunt.Linkcount(linkcunt.java:13)
at ajioTest.linkcunt.Linkcount(linkcunt.java:13)
at ajioTest.linkcunt.Linkcount(linkcunt.java:13)
at ajioTest.linkcunt.Linkcount(linkcunt.java:13)
at ajioTest.linkcunt.Linkcount(linkcunt.java:13)
at ajioTest.linkcunt.Linkcount(linkcunt.java:13)
at ajioTest.linkcunt.Linkcount(linkcunt.java:13)
at ajioTest.linkcunt.Linkcount(linkcunt.java:13)
at ajioTest.linkcunt.Linkcount(linkcunt.java:13)
at ajioTest.linkcunt.Linkcount(linkcunt.java:13)
at ajioTest.linkcunt.Linkcount(linkcunt.java:13)
at ajioTest.linkcunt.Linkcount(linkcunt.java:13)
at ajioTest.linkcunt.Linkcount(linkcunt.java:13)
at ajioTest.linkcunt.Linkcount(linkcunt.java:13)
at ajioTest.linkcunt.Linkcount(linkcunt.java:13)
at ajioTest.linkcunt.Linkcount(linkcunt.java:13)
at ajioTest.linkcunt.Linkcount(linkcunt.java:13)
at ajioTest.linkcunt.Linkcount(linkcunt.java:13)
at ajioTest.linkcunt.Linkcount(linkcunt.java:13)
at ajioTest.linkcunt.Linkcount(linkcunt.java:13)
at ajioTest.linkcunt.Linkcount(linkcunt.java:13)
at ajioTest.linkcunt.Linkcount(linkcunt.java:13)
at ajioTest.linkcunt.Linkcount(linkcunt.java:13)
at ajioTest.linkcunt.Linkcount(linkcunt.java:13)
at ajioTest.linkcunt.Linkcount(linkcunt.java:13)
at ajioTest.linkcunt.Linkcount(linkcunt.java:13)
at ajioTest.linkcunt.Linkcount(linkcunt.java:13)
at ajioTest.linkcunt.Linkcount(linkcunt.java:13)
at ajioTest.linkcunt.Linkcount(linkcunt.java:13)
at ajioTest.linkcunt.Linkcount(linkcunt.java:13)
at ajioTest.linkcunt.Linkcount(linkcunt.java:13)
at ajioTest.linkcunt.Linkcount(linkcunt.java:13)
at ajioTest.linkcunt.Linkcount(linkcunt.java:13)
at ajioTest.linkcunt.Linkcount(linkcunt.java:13)
at ajioTest.linkcunt.Linkcount(linkcunt.java:13)
at ajioTest.linkcunt.Linkcount(linkcunt.java:13)
at ajioTest.linkcunt.Linkcount(linkcunt.java:13)
at ajioTest.linkcunt.Linkcount(linkcunt.java:13)
at ajioTest.linkcunt.Linkcount(linkcunt.java:13)
at ajioTest.linkcunt.Linkcount(linkcunt.java:13)
at ajioTest.linkcunt.Linkcount(linkcunt.java:13)
at ajioTest.linkcunt.Linkcount(linkcunt.java:13)
at ajioTest.linkcunt.Linkcount(linkcunt.java:13)
at ajioTest.linkcunt.Linkcount(linkcunt.java:13)
at ajioTest.linkcunt.Linkcount(linkcunt.java:13)
at ajioTest.linkcunt.Linkcount(linkcunt.java:13)
at ajioTest.linkcunt.Linkcount(linkcunt.java:13)
at ajioTest.linkcunt.Linkcount(linkcunt.java:13)
at ajioTest.linkcunt.Linkcount(linkcunt.java:13)
at ajioTest.linkcunt.Linkcount(linkcunt.java:13)
at ajioTest.linkcunt.Linkcount(linkcunt.java:13)
at ajioTest.linkcunt.Linkcount(linkcunt.java:13)
at ajioTest.linkcunt.Linkcount(linkcunt.java:13)
at ajioTest.linkcunt.Linkcount(linkcunt.java:13)
at ajioTest.linkcunt.Linkcount(linkcunt.java:13)
at ajioTest.linkcunt.Linkcount(linkcunt.java:13)
at ajioTest.linkcunt.Linkcount(linkcunt.java:13)
at ajioTest.linkcunt.Linkcount(linkcunt.java:13)
at ajioTest.linkcunt.Linkcount(linkcunt.java:13)
at ajioTest.linkcunt.Linkcount(linkcunt.java:13)
at ajioTest.linkcunt.Linkcount(linkcunt.java:13)
at ajioTest.linkcunt.Linkcount(linkcunt.java:13)
at ajioTest.linkcunt.Linkcount(linkcunt.java:13)
at ajioTest.linkcunt.Linkcount(linkcunt.java:13)
at ajioTest.linkcunt.Linkcount(linkcunt.java:13)
at ajioTest.linkcunt.Linkcount(linkcunt.java:13)
at ajioTest.linkcunt.Linkcount(linkcunt.java:13)
at ajioTest.linkcunt.Linkcount(linkcunt.java:13)
at ajioTest.linkcunt.Linkcount(linkcunt.java:13)
at ajioTest.linkcunt.Linkcount(linkcunt.java:13)
at ajioTest.linkcunt.Linkcount(linkcunt.java:13)
at ajioTest.linkcunt.Linkcount(linkcunt.java:13)
at ajioTest.linkcunt.Linkcount(linkcunt.java:13)
at ajioTest.linkcunt.Linkcount(linkcunt.java:13)
at ajioTest.linkcunt.Linkcount(linkcunt.java:13)
at ajioTest.linkcunt.Linkcount(linkcunt.java:13)
at ajioTest.linkcunt.Linkcount(linkcunt.java:13)
at ajioTest.linkcunt.Linkcount(linkcunt.java:13)
at ajioTest.linkcunt.Linkcount(linkcunt.java:13)
at ajioTest.linkcunt.Linkcount(linkcunt.java:13)
at ajioTest.linkcunt.Linkcount(linkcunt.java:13)
at ajioTest.linkcunt.Linkcount(linkcunt.java:13)
at ajioTest.linkcunt.Linkcount(linkcunt.java:13)
at ajioTest.linkcunt.Linkcount(linkcunt.java:13)
at ajioTest.linkcunt.Linkcount(linkcunt.java:13)
at ajioTest.linkcunt.Linkcount(linkcunt.java:13)
at ajioTest.linkcunt.Linkcount(linkcunt.java:13)
at ajioTest.linkcunt.Linkcount(linkcunt.java:13)
at ajioTest.linkcunt.Linkcount(linkcunt.java:13)
at ajioTest.linkcunt.Linkcount(linkcunt.java:13)
at ajioTest.linkcunt.Linkcount(linkcunt.java:13)
at ajioTest.linkcunt.Linkcount(linkcunt.java:13)
at ajioTest.linkcunt.Linkcount(linkcunt.java:13)
at ajioTest.linkcunt.Linkcount(linkcunt.java:13)
at ajioTest.linkcunt.Linkcount(linkcunt.java:13)
at ajioTest.linkcunt.Linkcount(linkcunt.java:13)
at ajioTest.linkcunt.Linkcount(linkcunt.java:13)
at ajioTest.linkcunt.Linkcount(linkcunt.java:13)
at ajioTest.linkcunt.Linkcount(linkcunt.java:13)
at ajioTest.linkcunt.Linkcount(linkcunt.java:13)
at ajioTest.linkcunt.Linkcount(linkcunt.java:13)
at ajioTest.linkcunt.Linkcount(linkcunt.java:13)
at ajioTest.linkcunt.Linkcount(linkcunt.java:13)
at ajioTest.linkcunt.Linkcount(linkcunt.java:13)
at ajioTest.linkcunt.Linkcount(linkcunt.java:13)
at ajioTest.linkcunt.Linkcount(linkcunt.java:13)
at ajioTest.linkcunt.Linkcount(linkcunt.java:13)
at ajioTest.linkcunt.Linkcount(linkcunt.java:13)
at ajioTest.linkcunt.Linkcount(linkcunt.java:13)
at ajioTest.linkcunt.Linkcount(linkcunt.java:13)
at ajioTest.linkcunt.Linkcount(linkcunt.java:13)
at ajioTest.linkcunt.Linkcount(linkcunt.java:13)
at ajioTest.linkcunt.Linkcount(linkcunt.java:13)
at ajioTest.linkcunt.Linkcount(linkcunt.java:13)
at ajioTest.linkcunt.Linkcount(linkcunt.java:13)
at ajioTest.linkcunt.Linkcount(linkcunt.java:13)
at ajioTest.linkcunt.Linkcount(linkcunt.java:13)
at ajioTest.linkcunt.Linkcount(linkcunt.java:13)
at ajioTest.linkcunt.Linkcount(linkcunt.java:13)
at ajioTest.linkcunt.Linkcount(linkcunt.java:13)
at ajioTest.linkcunt.Linkcount(linkcunt.java:13)
at ajioTest.linkcunt.Linkcount(linkcunt.java:13)
at ajioTest.linkcunt.Linkcount(linkcunt.java:13)
at ajioTest.linkcunt.Linkcount(linkcunt.java:13)
at ajioTest.linkcunt.Linkcount(linkcunt.java:13)
at ajioTest.linkcunt.Linkcount(linkcunt.java:13)
at ajioTest.linkcunt.Linkcount(linkcunt.java:13)
at ajioTest.linkcunt.Linkcount(linkcunt.java:13)
at ajioTest.linkcunt.Linkcount(linkcunt.java:13)
at ajioTest.linkcunt.Linkcount(linkcunt.java:13)
at ajioTest.linkcunt.Linkcount(linkcunt.java:13)
at ajioTest.linkcunt.Linkcount(linkcunt.java:13)
at ajioTest.linkcunt.Linkcount(linkcunt.java:13)
at ajioTest.linkcunt.Linkcount(linkcunt.java:13)
at ajioTest.linkcunt.Linkcount(linkcunt.java:13)
at ajioTest.linkcunt.Linkcount(linkcunt.java:13)
at ajioTest.linkcunt.Linkcount(linkcunt.java:13)
at ajioTest.linkcunt.Linkcount(linkcunt.java:13)
at ajioTest.linkcunt.Linkcount(linkcunt.java:13)
at ajioTest.linkcunt.Linkcount(linkcunt.java:13)
at ajioTest.linkcunt.Linkcount(linkcunt.java:13)
at ajioTest.linkcunt.Linkcount(linkcunt.java:13)
at ajioTest.linkcunt.Linkcount(linkcunt.java:13)
at ajioTest.linkcunt.Linkcount(linkcunt.java:13)
at ajioTest.linkcunt.Linkcount(linkcunt.java:13)
at ajioTest.linkcunt.Linkcount(linkcunt.java:13)
at ajioTest.linkcunt.Linkcount(linkcunt.java:13)
at ajioTest.linkcunt.Linkcount(linkcunt.java:13)
at ajioTest.linkcunt.Linkcount(linkcunt.java:13)
at ajioTest.linkcunt.Linkcount(linkcunt.java:13)
at ajioTest.linkcunt.Linkcount(linkcunt.java:13)
at ajioTest.linkcunt.Linkcount(linkcunt.java:13)
at ajioTest.linkcunt.Linkcount(linkcunt.java:13)
at ajioTest.linkcunt.Linkcount(linkcunt.java:13)
at ajioTest.linkcunt.Linkcount(linkcunt.java:13)
at ajioTest.linkcunt.Linkcount(linkcunt.java:13)
at ajioTest.linkcunt.Linkcount(linkcunt.java:13)
at ajioTest.linkcunt.Linkcount(linkcunt.java:13)
at ajioTest.linkcunt.Linkcount(linkcunt.java:13)
at ajioTest.linkcunt.Linkcount(linkcunt.java:13)
at ajioTest.linkcunt.Linkcount(linkcunt.java:13)
at ajioTest.linkcunt.Linkcount(linkcunt.java:13)
at ajioTest.linkcunt.Linkcount(linkcunt.java:13)
at ajioTest.linkcunt.Linkcount(linkcunt.java:13)
at ajioTest.linkcunt.Linkcount(linkcunt.java:13)
at ajioTest.linkcunt.Linkcount(linkcunt.java:13)
at ajioTest.linkcunt.Linkcount(linkcunt.java:13)
at ajioTest.linkcunt.Linkcount(linkcunt.java:13)
at ajioTest.linkcunt.Linkcount(linkcunt.java:13)
at ajioTest.linkcunt.Linkcount(linkcunt.java:13)
at ajioTest.linkcunt.Linkcount(linkcunt.java:13)
at ajioTest.linkcunt.Linkcount(linkcunt.java:13)
at ajioTest.linkcunt.Linkcount(linkcunt.java:13)
at ajioTest.linkcunt.Linkcount(linkcunt.java:13)
at ajioTest.linkcunt.Linkcount(linkcunt.java:13)
at ajioTest.linkcunt.Linkcount(linkcunt.java:13)
at ajioTest.linkcunt.Linkcount(linkcunt.java:13)
at ajioTest.linkcunt.Linkcount(linkcunt.java:13)
at ajioTest.linkcunt.Linkcount(linkcunt.java:13)
at ajioTest.linkcunt.Linkcount(linkcunt.java:13)
at ajioTest.linkcunt.Linkcount(linkcunt.java:13)
at ajioTest.linkcunt.Linkcount(linkcunt.java:13)
at ajioTest.linkcunt.Linkcount(linkcunt.java:13)
at ajioTest.linkcunt.Linkcount(linkcunt.java:13)
at ajioTest.linkcunt.Linkcount(linkcunt.java:13)
at ajioTest.linkcunt.Linkcount(linkcunt.java:13)
at ajioTest.linkcunt.Linkcount(linkcunt.java:13)
at ajioTest.linkcunt.Linkcount(linkcunt.java:13)
at ajioTest.linkcunt.Linkcount(linkcunt.java:13)
at ajioTest.linkcunt.Linkcount(linkcunt.java:13)
at ajioTest.linkcunt.Linkcount(linkcunt.java:13)
at ajioTest.linkcunt.Linkcount(linkcunt.java:13)
at ajioTest.linkcunt.Linkcount(linkcunt.java:13)
at ajioTest.linkcunt.Linkcount(linkcunt.java:13)
at ajioTest.linkcunt.Linkcount(linkcunt.java:13)
at ajioTest.linkcunt.Linkcount(linkcunt.java:13)
at ajioTest.linkcunt.Linkcount(linkcunt.java:13)
at ajioTest.linkcunt.Linkcount(linkcunt.java:13)
at ajioTest.linkcunt.Linkcount(linkcunt.java:13)
at ajioTest.linkcunt.Linkcount(linkcunt.java:13)
at ajioTest.linkcunt.Linkcount(linkcunt.java:13)
at ajioTest.linkcunt.Linkcount(linkcunt.java:13)
at ajioTest.linkcunt.Linkcount(linkcunt.java:13)
at ajioTest.linkcunt.Linkcount(linkcunt.java:13)
at ajioTest.linkcunt.Linkcount(linkcunt.java:13)
at ajioTest.linkcunt.Linkcount(linkcunt.java:13)
at ajioTest.linkcunt.Linkcount(linkcunt.java:13)
at ajioTest.linkcunt.Linkcount(linkcunt.java:13)
at ajioTest.linkcunt.Linkcount(linkcunt.java:13)
at ajioTest.linkcunt.Linkcount(linkcunt.java:13)
at ajioTest.linkcunt.Linkcount(linkcunt.java:13)
at ajioTest.linkcunt.Linkcount(linkcunt.java:13)
at ajioTest.linkcunt.Linkcount(linkcunt.java:13)
at ajioTest.linkcunt.Linkcount(linkcunt.java:13)
at ajioTest.linkcunt.Linkcount(linkcunt.java:13)
at ajioTest.linkcunt.Linkcount(linkcunt.java:13)
at ajioTest.linkcunt.Linkcount(linkcunt.java:13)
at ajioTest.linkcunt.Linkcount(linkcunt.java:13)
at ajioTest.linkcunt.Linkcount(linkcunt.java:13)
at ajioTest.linkcunt.Linkcount(linkcunt.java:13)
at ajioTest.linkcunt.Linkcount(linkcunt.java:13)
at ajioTest.linkcunt.Linkcount(linkcunt.java:13)
at ajioTest.linkcunt.Linkcount(linkcunt.java:13)
at ajioTest.linkcunt.Linkcount(linkcunt.java:13)
at ajioTest.linkcunt.Linkcount(linkcunt.java:13)
at ajioTest.linkcunt.Linkcount(linkcunt.java:13)
at ajioTest.linkcunt.Linkcount(linkcunt.java:13)
at ajioTest.linkcunt.Linkcount(linkcunt.java:13)
at ajioTest.linkcunt.Linkcount(linkcunt.java:13)
at ajioTest.linkcunt.Linkcount(linkcunt.java:13)
at ajioTest.linkcunt.Linkcount(linkcunt.java:13)
at ajioTest.linkcunt.Linkcount(linkcunt.java:13)
at ajioTest.linkcunt.Linkcount(linkcunt.java:13)
at ajioTest.linkcunt.Linkcount(linkcunt.java:13)
at ajioTest.linkcunt.Linkcount(linkcunt.java:13)
at ajioTest.linkcunt.Linkcount(linkcunt.java:13)
at ajioTest.linkcunt.Linkcount(linkcunt.java:13)
at ajioTest.linkcunt.Linkcount(linkcunt.java:13)
at ajioTest.linkcunt.Linkcount(linkcunt.java:13)
at ajioTest.linkcunt.Linkcount(linkcunt.java:13)
at ajioTest.linkcunt.Linkcount(linkcunt.java:13)
at ajioTest.linkcunt.Linkcount(linkcunt.java:13)
at ajioTest.linkcunt.Linkcount(linkcunt.java:13)
at ajioTest.linkcunt.Linkcount(linkcunt.java:13)
at ajioTest.linkcunt.Linkcount(linkcunt.java:13)
at ajioTest.linkcunt.Linkcount(linkcunt.java:13)
at ajioTest.linkcunt.Linkcount(linkcunt.java:13)
at ajioTest.linkcunt.Linkcount(linkcunt.java:13)
at ajioTest.linkcunt.Linkcount(linkcunt.java:13)
at ajioTest.linkcunt.Linkcount(linkcunt.java:13)
at ajioTest.linkcunt.Linkcount(linkcunt.java:13)
at ajioTest.linkcunt.Linkcount(linkcunt.java:13)
at ajioTest.linkcunt.Linkcount(linkcunt.java:13)
at ajioTest.linkcunt.Linkcount(linkcunt.java:13)
at ajioTest.linkcunt.Linkcount(linkcunt.java:13)
at ajioTest.linkcunt.Linkcount(linkcunt.java:13)
at ajioTest.linkcunt.Linkcount(linkcunt.java:13)
at ajioTest.linkcunt.Linkcount(linkcunt.java:13)
at ajioTest.linkcunt.Linkcount(linkcunt.java:13)
at ajioTest.linkcunt.Linkcount(linkcunt.java:13)
at ajioTest.linkcunt.Linkcount(linkcunt.java:13)
at ajioTest.linkcunt.Linkcount(linkcunt.java:13)
at ajioTest.linkcunt.Linkcount(linkcunt.java:13)
at ajioTest.linkcunt.Linkcount(linkcunt.java:13)
at ajioTest.linkcunt.Linkcount(linkcunt.java:13)
at ajioTest.linkcunt.Linkcount(linkcunt.java:13)
at ajioTest.linkcunt.Linkcount(linkcunt.java:13)
at ajioTest.linkcunt.Linkcount(linkcunt.java:13)
at ajioTest.linkcunt.Linkcount(linkcunt.java:13)
at ajioTest.linkcunt.Linkcount(linkcunt.java:13)
at ajioTest.linkcunt.Linkcount(linkcunt.java:13)
at ajioTest.linkcunt.Linkcount(linkcunt.java:13)
at ajioTest.linkcunt.Linkcount(linkcunt.java:13)
at ajioTest.linkcunt.Linkcount(linkcunt.java:13)
at ajioTest.linkcunt.Linkcount(linkcunt.java:13)
at ajioTest.linkcunt.Linkcount(linkcunt.java:13)
at ajioTest.linkcunt.Linkcount(linkcunt.java:13)
at ajioTest.linkcunt.Linkcount(linkcunt.java:13)
at ajioTest.linkcunt.Linkcount(linkcunt.java:13)
at ajioTest.linkcunt.Linkcount(linkcunt.java:13)
at ajioTest.linkcunt.Linkcount(linkcunt.java:13)
at ajioTest.linkcunt.Linkcount(linkcunt.java:13)
at ajioTest.linkcunt.Linkcount(linkcunt.java:13)
at ajioTest.linkcunt.Linkcount(linkcunt.java:13)
at ajioTest.linkcunt.Linkcount(linkcunt.java:13)
at ajioTest.linkcunt.Linkcount(linkcunt.java:13)
at ajioTest.linkcunt.Linkcount(linkcunt.java:13)
at ajioTest.linkcunt.Linkcount(linkcunt.java:13)
at ajioTest.linkcunt.Linkcount(linkcunt.java:13)
at ajioTest.linkcunt.Linkcount(linkcunt.java:13)
at ajioTest.linkcunt.Linkcount(linkcunt.java:13)
at ajioTest.linkcunt.Linkcount(linkcunt.java:13)
at ajioTest.linkcunt.Linkcount(linkcunt.java:13)
at ajioTest.linkcunt.Linkcount(linkcunt.java:13)
at ajioTest.linkcunt.Linkcount(linkcunt.java:13)
at ajioTest.linkcunt.Linkcount(linkcunt.java:13)
at ajioTest.linkcunt.Linkcount(linkcunt.java:13)
at ajioTest.linkcunt.Linkcount(linkcunt.java:13)
at ajioTest.linkcunt.Linkcount(linkcunt.java:13)
at ajioTest.linkcunt.Linkcount(linkcunt.java:13)
at ajioTest.linkcunt.Linkcount(linkcunt.java:13)
at ajioTest.linkcunt.Linkcount(linkcunt.java:13)
at ajioTest.linkcunt.Linkcount(linkcunt.java:13)
at ajioTest.linkcunt.Linkcount(linkcunt.java:13)
at ajioTest.linkcunt.Linkcount(linkcunt.java:13)
at ajioTest.linkcunt.Linkcount(linkcunt.java:13)
at ajioTest.linkcunt.Linkcount(linkcunt.java:13)
at ajioTest.linkcunt.Linkcount(linkcunt.java:13)
at ajioTest.linkcunt.Linkcount(linkcunt.java:13)
at ajioTest.linkcunt.Linkcount(linkcunt.java:13)
at ajioTest.linkcunt.Linkcount(linkcunt.java:13)
at ajioTest.linkcunt.Linkcount(linkcunt.java:13)
at ajioTest.linkcunt.Linkcount(linkcunt.java:13)
at ajioTest.linkcunt.Linkcount(linkcunt.java:13)
at ajioTest.linkcunt.Linkcount(linkcunt.java:13)
at ajioTest.linkcunt.Linkcount(linkcunt.java:13)
at ajioTest.linkcunt.Linkcount(linkcunt.java:13)
at ajioTest.linkcunt.Linkcount(linkcunt.java:13)
at ajioTest.linkcunt.Linkcount(linkcunt.java:13)
at ajioTest.linkcunt.Linkcount(linkcunt.java:13)
at ajioTest.linkcunt.Linkcount(linkcunt.java:13)
at ajioTest.linkcunt.Linkcount(linkcunt.java:13)
at ajioTest.linkcunt.Linkcount(linkcunt.java:13)
at ajioTest.linkcunt.Linkcount(linkcunt.java:13)
at ajioTest.linkcunt.Linkcount(linkcunt.java:13)
at ajioTest.linkcunt.Linkcount(linkcunt.java:13)
at ajioTest.linkcunt.Linkcount(linkcunt.java:13)
at ajioTest.linkcunt.Linkcount(linkcunt.java:13)
at ajioTest.linkcunt.Linkcount(linkcunt.java:13)
at ajioTest.linkcunt.Linkcount(linkcunt.java:13)
at ajioTest.linkcunt.Linkcount(linkcunt.java:13)
at ajioTest.linkcunt.Linkcount(linkcunt.java:13)
at ajioTest.linkcunt.Linkcount(linkcunt.java:13)
at ajioTest.linkcunt.Linkcount(linkcunt.java:13)
at ajioTest.linkcunt.Linkcount(linkcunt.java:13)
at ajioTest.linkcunt.Linkcount(linkcunt.java:13)
at ajioTest.linkcunt.Linkcount(linkcunt.java:13)
at ajioTest.linkcunt.Linkcount(linkcunt.java:13)
at ajioTest.linkcunt.Linkcount(linkcunt.java:13)
at ajioTest.linkcunt.Linkcount(linkcunt.java:13)
at ajioTest.linkcunt.Linkcount(linkcunt.java:13)
at ajioTest.linkcunt.Linkcount(linkcunt.java:13)
at ajioTest.linkcunt.Linkcount(linkcunt.java:13)
at ajioTest.linkcunt.Linkcount(linkcunt.java:13)
at ajioTest.linkcunt.Linkcount(linkcunt.java:13)
at ajioTest.linkcunt.Linkcount(linkcunt.java:13)
at ajioTest.linkcunt.Linkcount(linkcunt.java:13)
at ajioTest.linkcunt.Linkcount(linkcunt.java:13)
at ajioTest.linkcunt.Linkcount(linkcunt.java:13)
at ajioTest.linkcunt.Linkcount(linkcunt.java:13)
at ajioTest.linkcunt.Linkcount(linkcunt.java:13)
at ajioTest.linkcunt.Linkcount(linkcunt.java:13)
at ajioTest.linkcunt.Linkcount(linkcunt.java:13)
at ajioTest.linkcunt.Linkcount(linkcunt.java:13)
at ajioTest.linkcunt.Linkcount(linkcunt.java:13)
at ajioTest.linkcunt.Linkcount(linkcunt.java:13)
at ajioTest.linkcunt.Linkcount(linkcunt.java:13)
at ajioTest.linkcunt.Linkcount(linkcunt.java:13)
at ajioTest.linkcunt.Linkcount(linkcunt.java:13)
at ajioTest.linkcunt.Linkcount(linkcunt.java:13)
at ajioTest.linkcunt.Linkcount(linkcunt.java:13)
at ajioTest.linkcunt.Linkcount(linkcunt.java:13)
at ajioTest.linkcunt.Linkcount(linkcunt.java:13)
at ajioTest.linkcunt.Linkcount(linkcunt.java:13)
at ajioTest.linkcunt.Linkcount(linkcunt.java:13)
at ajioTest.linkcunt.Linkcount(linkcunt.java:13)
at ajioTest.linkcunt.Linkcount(linkcunt.java:13)
at ajioTest.linkcunt.Linkcount(linkcunt.java:13)
at ajioTest.linkcunt.Linkcount(linkcunt.java:13)
at ajioTest.linkcunt.Linkcount(linkcunt.java:13)
at ajioTest.linkcunt.Linkcount(linkcunt.java:13)
at ajioTest.linkcunt.Linkcount(linkcunt.java:13)
at ajioTest.linkcunt.Linkcount(linkcunt.java:13)
at ajioTest.linkcunt.Linkcount(linkcunt.java:13)
at ajioTest.linkcunt.Linkcount(linkcunt.java:13)
at ajioTest.linkcunt.Linkcount(linkcunt.java:13)
at ajioTest.linkcunt.Linkcount(linkcunt.java:13)
at ajioTest.linkcunt.Linkcount(linkcunt.java:13)
at ajioTest.linkcunt.Linkcount(linkcunt.java:13)
at ajioTest.linkcunt.Linkcount(linkcunt.java:13)
at ajioTest.linkcunt.Linkcount(linkcunt.java:13)
at ajioTest.linkcunt.Linkcount(linkcunt.java:13)
at ajioTest.linkcunt.Linkcount(linkcunt.java:13)
at ajioTest.linkcunt.Linkcount(linkcunt.java:13)
at ajioTest.linkcunt.Linkcount(linkcunt.java:13)
at ajioTest.linkcunt.Linkcount(linkcunt.java:13)
at ajioTest.linkcunt.Linkcount(linkcunt.java:13)
at ajioTest.linkcunt.Linkcount(linkcunt.java:13)
at ajioTest.linkcunt.Linkcount(linkcunt.java:13)
at ajioTest.linkcunt.Linkcount(linkcunt.java:13)
at ajioTest.linkcunt.Linkcount(linkcunt.java:13)
at ajioTest.linkcunt.Linkcount(linkcunt.java:13)
at ajioTest.linkcunt.Linkcount(linkcunt.java:13)
at ajioTest.linkcunt.Linkcount(linkcunt.java:13)
at ajioTest.linkcunt.Linkcount(linkcunt.java:13)
at ajioTest.linkcunt.Linkcount(linkcunt.java:13)
at ajioTest.linkcunt.Linkcount(linkcunt.java:13)
at ajioTest.linkcunt.Linkcount(linkcunt.java:13)
at ajioTest.linkcunt.Linkcount(linkcunt.java:13)
at ajioTest.linkcunt.Linkcount(linkcunt.java:13)
at ajioTest.linkcunt.Linkcount(linkcunt.java:13)
at ajioTest.linkcunt.Linkcount(linkcunt.java:13)
at ajioTest.linkcunt.Linkcount(linkcunt.java:13)
at ajioTest.linkcunt.Linkcount(linkcunt.java:13)
at ajioTest.linkcunt.Linkcount(linkcunt.java:13)
at ajioTest.linkcunt.Linkcount(linkcunt.java:13)
at ajioTest.linkcunt.Linkcount(linkcunt.java:13)
at ajioTest.linkcunt.Linkcount(linkcunt.java:13)
at ajioTest.linkcunt.Linkcount(linkcunt.java:13)
at ajioTest.linkcunt.Linkcount(linkcunt.java:13)
at ajioTest.linkcunt.Linkcount(linkcunt.java:13)
at ajioTest.linkcunt.Linkcount(linkcunt.java:13)
at ajioTest.linkcunt.Linkcount(linkcunt.java:13)
at ajioTest.linkcunt.Linkcount(linkcunt.java:13)
at ajioTest.linkcunt.Linkcount(linkcunt.java:13)
at ajioTest.linkcunt.Linkcount(linkcunt.java:13)
at ajioTest.linkcunt.Linkcount(linkcunt.java:13)
at ajioTest.linkcunt.Linkcount(linkcunt.java:13)
at ajioTest.linkcunt.Linkcount(linkcunt.java:13)
at ajioTest.linkcunt.Linkcount(linkcunt.java:13)
at ajioTest.linkcunt.Linkcount(linkcunt.java:13)
at ajioTest.linkcunt.Linkcount(linkcunt.java:13)
at ajioTest.linkcunt.Linkcount(linkcunt.java:13)
at ajioTest.linkcunt.Linkcount(linkcunt.java:13)
at ajioTest.linkcunt.Linkcount(linkcunt.java:13)
at ajioTest.linkcunt.Linkcount(linkcunt.java:13)
at ajioTest.linkcunt.Linkcount(linkcunt.java:13)
at ajioTest.linkcunt.Linkcount(linkcunt.java:13)
at ajioTest.linkcunt.Linkcount(linkcunt.java:13)
at ajioTest.linkcunt.Linkcount(linkcunt.java:13)
at ajioTest.linkcunt.Linkcount(linkcunt.java:13)
at ajioTest.linkcunt.Linkcount(linkcunt.java:13)
at ajioTest.linkcunt.Linkcount(linkcunt.java:13)
at ajioTest.linkcunt.Linkcount(linkcunt.java:13)
at ajioTest.linkcunt.Linkcount(linkcunt.java:13)
at ajioTest.linkcunt.Linkcount(linkcunt.java:13)
at ajioTest.linkcunt.Linkcount(linkcunt.java:13)
at ajioTest.linkcunt.Linkcount(linkcunt.java:13)
at ajioTest.linkcunt.Linkcount(linkcunt.java:13)
at ajioTest.linkcunt.Linkcount(linkcunt.java:13)
at ajioTest.linkcunt.Linkcount(linkcunt.java:13)
at ajioTest.linkcunt.Linkcount(linkcunt.java:13)
at ajioTest.linkcunt.Linkcount(linkcunt.java:13)
at ajioTest.linkcunt.Linkcount(linkcunt.java:13)
at ajioTest.linkcunt.Linkcount(linkcunt.java:13)
at ajioTest.linkcunt.Linkcount(linkcunt.java:13)
at ajioTest.linkcunt.Linkcount(linkcunt.java:13)
at ajioTest.linkcunt.Linkcount(linkcunt.java:13)
at ajioTest.linkcunt.Linkcount(linkcunt.java:13)
at ajioTest.linkcunt.Linkcount(linkcunt.java:13)
at ajioTest.linkcunt.Linkcount(linkcunt.java:13)
at ajioTest.linkcunt.Linkcount(linkcunt.java:13)
at ajioTest.linkcunt.Linkcount(linkcunt.java:13)
at ajioTest.linkcunt.Linkcount(linkcunt.java:13)
at ajioTest.linkcunt.Linkcount(linkcunt.java:13)
at ajioTest.linkcunt.Linkcount(linkcunt.java:13)
at ajioTest.linkcunt.Linkcount(linkcunt.java:13)
at ajioTest.linkcunt.Linkcount(linkcunt.java:13)
at ajioTest.linkcunt.Linkcount(linkcunt.java:13)
at ajioTest.linkcunt.Linkcount(linkcunt.java:13)
at ajioTest.linkcunt.Linkcount(linkcunt.java:13)
at ajioTest.linkcunt.Linkcount(linkcunt.java:13)
at ajioTest.linkcunt.Linkcount(linkcunt.java:13)
at ajioTest.linkcunt.Linkcount(linkcunt.java:13)
at ajioTest.linkcunt.Linkcount(linkcunt.java:13)
at ajioTest.linkcunt.Linkcount(linkcunt.java:13)
at ajioTest.linkcunt.Linkcount(linkcunt.java:13)
at ajioTest.linkcunt.Linkcount(linkcunt.java:13)
at ajioTest.linkcunt.Linkcount(linkcunt.java:13)
at ajioTest.linkcunt.Linkcount(linkcunt.java:13)
at ajioTest.linkcunt.Linkcount(linkcunt.java:13)
at ajioTest.linkcunt.Linkcount(linkcunt.java:13)
at ajioTest.linkcunt.Linkcount(linkcunt.java:13)
at ajioTest.linkcunt.Linkcount(linkcunt.java:13)
at ajioTest.linkcunt.Linkcount(linkcunt.java:13)
at ajioTest.linkcunt.Linkcount(linkcunt.java:13)
at ajioTest.linkcunt.Linkcount(linkcunt.java:13)
at ajioTest.linkcunt.Linkcount(linkcunt.java:13)
at ajioTest.linkcunt.Linkcount(linkcunt.java:13)
at ajioTest.linkcunt.Linkcount(linkcunt.java:13)
at ajioTest.linkcunt.Linkcount(linkcunt.java:13)
at ajioTest.linkcunt.Linkcount(linkcunt.java:13)
at ajioTest.linkcunt.Linkcount(linkcunt.java:13)
at ajioTest.linkcunt.Linkcount(linkcunt.java:13)
at ajioTest.linkcunt.Linkcount(linkcunt.java:13)
at ajioTest.linkcunt.Linkcount(linkcunt.java:13)
at ajioTest.linkcunt.Linkcount(linkcunt.java:13)
at ajioTest.linkcunt.Linkcount(linkcunt.java:13)
at ajioTest.linkcunt.Linkcount(linkcunt.java:13)
at ajioTest.linkcunt.Linkcount(linkcunt.java:13)
at ajioTest.linkcunt.Linkcount(linkcunt.java:13)
at ajioTest.linkcunt.Linkcount(linkcunt.java:13)
at ajioTest.linkcunt.Linkcount(linkcunt.java:13)
at ajioTest.linkcunt.Linkcount(linkcunt.java:13)
at ajioTest.linkcunt.Linkcount(linkcunt.java:13)
at ajioTest.linkcunt.Linkcount(linkcunt.java:13)
at ajioTest.linkcunt.Linkcount(linkcunt.java:13)
at ajioTest.linkcunt.Linkcount(linkcunt.java:13)
at ajioTest.linkcunt.Linkcount(linkcunt.java:13)
at ajioTest.linkcunt.Linkcount(linkcunt.java:13)
at ajioTest.linkcunt.Linkcount(linkcunt.java:13)
at ajioTest.linkcunt.Linkcount(linkcunt.java:13)
at ajioTest.linkcunt.Linkcount(linkcunt.java:13)
at ajioTest.linkcunt.Linkcount(linkcunt.java:13)
at ajioTest.linkcunt.Linkcount(linkcunt.java:13)
at ajioTest.linkcunt.Linkcount(linkcunt.java:13)
at ajioTest.linkcunt.Linkcount(linkcunt.java:13)
at ajioTest.linkcunt.Linkcount(linkcunt.java:13)
at ajioTest.linkcunt.Linkcount(linkcunt.java:13)
at ajioTest.linkcunt.Linkcount(linkcunt.java:13)
at ajioTest.linkcunt.Linkcount(linkcunt.java:13)
at ajioTest.linkcunt.Linkcount(linkcunt.java:13)
at ajioTest.linkcunt.Linkcount(linkcunt.java:13)
at ajioTest.linkcunt.Linkcount(linkcunt.java:13)
at ajioTest.linkcunt.Linkcount(linkcunt.java:13)
at ajioTest.linkcunt.Linkcount(linkcunt.java:13)
at ajioTest.linkcunt.Linkcount(linkcunt.java:13)
at ajioTest.linkcunt.Linkcount(linkcunt.java:13)
at ajioTest.linkcunt.Linkcount(linkcunt.java:13)
at ajioTest.linkcunt.Linkcount(linkcunt.java:13)
at ajioTest.linkcunt.Linkcount(linkcunt.java:13)
at ajioTest.linkcunt.Linkcount(linkcunt.java:13)
at ajioTest.linkcunt.Linkcount(linkcunt.java:13)
at ajioTest.linkcunt.Linkcount(linkcunt.java:13)
at ajioTest.linkcunt.Linkcount(linkcunt.java:13)
at ajioTest.linkcunt.Linkcount(linkcunt.java:13)
at ajioTest.linkcunt.Linkcount(linkcunt.java:13)
at ajioTest.linkcunt.Linkcount(linkcunt.java:13)
at ajioTest.linkcunt.Linkcount(linkcunt.java:13)
at ajioTest.linkcunt.Linkcount(linkcunt.java:13)
at ajioTest.linkcunt.Linkcount(linkcunt.java:13)
at ajioTest.linkcunt.Linkcount(linkcunt.java:13)
at ajioTest.linkcunt.Linkcount(linkcunt.java:13)
at ajioTest.linkcunt.Linkcount(linkcunt.java:13)
at ajioTest.linkcunt.Linkcount(linkcunt.java:13)
at ajioTest.linkcunt.Linkcount(linkcunt.java:13)
at ajioTest.linkcunt.Linkcount(linkcunt.java:13)
at ajioTest.linkcunt.Linkcount(linkcunt.java:13)
at ajioTest.linkcunt.Linkcount(linkcunt.java:13)
at ajioTest.linkcunt.Linkcount(linkcunt.java:13)
at ajioTest.linkcunt.Linkcount(linkcunt.java:13)
at ajioTest.linkcunt.Linkcount(linkcunt.java:13)
at ajioTest.linkcunt.Linkcount(linkcunt.java:13)
at ajioTest.linkcunt.Linkcount(linkcunt.java:13)
at ajioTest.linkcunt.Linkcount(linkcunt.java:13)
at ajioTest.linkcunt.Linkcount(linkcunt.java:13)
at ajioTest.linkcunt.Linkcount(linkcunt.java:13)
at ajioTest.linkcunt.Linkcount(linkcunt.java:13)
at ajioTest.linkcunt.Linkcount(linkcunt.java:13)
at ajioTest.linkcunt.Linkcount(linkcunt.java:13)
at ajioTest.linkcunt.Linkcount(linkcunt.java:13)
at ajioTest.linkcunt.Linkcount(linkcunt.java:13)
at ajioTest.linkcunt.Linkcount(linkcunt.java:13)
at ajioTest.linkcunt.Linkcount(linkcunt.java:13)
at ajioTest.linkcunt.Linkcount(linkcunt.java:13)
at ajioTest.linkcunt.Linkcount(linkcunt.java:13)
at ajioTest.linkcunt.Linkcount(linkcunt.java:13)
at ajioTest.linkcunt.Linkcount(linkcunt.java:13)
at ajioTest.linkcunt.Linkcount(linkcunt.java:13)
at ajioTest.linkcunt.Linkcount(linkcunt.java:13)
at ajioTest.linkcunt.Linkcount(linkcunt.java:13)
at ajioTest.linkcunt.Linkcount(linkcunt.java:13)
at ajioTest.linkcunt.Linkcount(linkcunt.java:13)
at ajioTest.linkcunt.Linkcount(linkcunt.java:13)
at ajioTest.linkcunt.Linkcount(linkcunt.java:13)
at ajioTest.linkcunt.Linkcount(linkcunt.java:13)
at ajioTest.linkcunt.Linkcount(linkcunt.java:13)
at ajioTest.linkcunt.Linkcount(linkcunt.java:13)
at ajioTest.linkcunt.Linkcount(linkcunt.java:13)
at ajioTest.linkcunt.Linkcount(linkcunt.java:13)
at ajioTest.linkcunt.Linkcount(linkcunt.java:13)
at ajioTest.linkcunt.Linkcount(linkcunt.java:13)
at ajioTest.linkcunt.Linkcount(linkcunt.java:13)
at ajioTest.linkcunt.Linkcount(linkcunt.java:13)
at ajioTest.linkcunt.Linkcount(linkcunt.java:13)
at ajioTest.linkcunt.Linkcount(linkcunt.java:13)
at ajioTest.linkcunt.Linkcount(linkcunt.java:13)
at ajioTest.linkcunt.Linkcount(linkcunt.java:13)
at ajioTest.linkcunt.Linkcount(linkcunt.java:13)
at ajioTest.linkcunt.Linkcount(linkcunt.java:13)
at ajioTest.linkcunt.Linkcount(linkcunt.java:13)
at ajioTest.linkcunt.Linkcount(linkcunt.java:13)
at ajioTest.linkcunt.Linkcount(linkcunt.java:13)
at ajioTest.linkcunt.Linkcount(linkcunt.java:13)
at ajioTest.linkcunt.Linkcount(linkcunt.java:13)
at ajioTest.linkcunt.Linkcount(linkcunt.java:13)
at ajioTest.linkcunt.Linkcount(linkcunt.java:13)
at ajioTest.linkcunt.Linkcount(linkcunt.java:13)
at ajioTest.linkcunt.Linkcount(linkcunt.java:13)
at ajioTest.linkcunt.Linkcount(linkcunt.java:13)
at ajioTest.linkcunt.Linkcount(linkcunt.java:13)
at ajioTest.linkcunt.Linkcount(linkcunt.java:13)
at ajioTest.linkcunt.Linkcount(linkcunt.java:13)
at ajioTest.linkcunt.Linkcount(linkcunt.java:13)
at ajioTest.linkcunt.Linkcount(linkcunt.java:13)
at ajioTest.linkcunt.Linkcount(linkcunt.java:13)
at ajioTest.linkcunt.Linkcount(linkcunt.java:13)
at ajioTest.linkcunt.Linkcount(linkcunt.java:13)
at ajioTest.linkcunt.Linkcount(linkcunt.java:13)
at ajioTest.linkcunt.Linkcount(linkcunt.java:13)
at ajioTest.linkcunt.Linkcount(linkcunt.java:13)
at ajioTest.linkcunt.Linkcount(linkcunt.java:13)
at ajioTest.linkcunt.Linkcount(linkcunt.java:13)
at ajioTest.linkcunt.Linkcount(linkcunt.java:13)
at ajioTest.linkcunt.Linkcount(linkcunt.java:13)
at ajioTest.linkcunt.Linkcount(linkcunt.java:13)
at ajioTest.linkcunt.Linkcount(linkcunt.java:13)
at ajioTest.linkcunt.Linkcount(linkcunt.java:13)
at ajioTest.linkcunt.Linkcount(linkcunt.java:13)
at ajioTest.linkcunt.Linkcount(linkcunt.java:13)
at ajioTest.linkcunt.Linkcount(linkcunt.java:13)
at ajioTest.linkcunt.Linkcount(linkcunt.java:13)
at ajioTest.linkcunt.Linkcount(linkcunt.java:13)
at ajioTest.linkcunt.Linkcount(linkcunt.java:13)
at ajioTest.linkcunt.Linkcount(linkcunt.java:13)
at ajioTest.linkcunt.Linkcount(linkcunt.java:13)
at ajioTest.linkcunt.Linkcount(linkcunt.java:13)
at ajioTest.linkcunt.Linkcount(linkcunt.java:13)
at ajioTest.linkcunt.Linkcount(linkcunt.java:13)
at ajioTest.linkcunt.Linkcount(linkcunt.java:13)
at ajioTest.linkcunt.Linkcount(linkcunt.java:13)
at ajioTest.linkcunt.Linkcount(linkcunt.java:13)
at ajioTest.linkcunt.Linkcount(linkcunt.java:13)
at ajioTest.linkcunt.Linkcount(linkcunt.java:13)
at ajioTest.linkcunt.Linkcount(linkcunt.java:13)
at ajioTest.linkcunt.Linkcount(linkcunt.java:13)
at ajioTest.linkcunt.Linkcount(linkcunt.java:13)
at ajioTest.linkcunt.Linkcount(linkcunt.java:13)
at ajioTest.linkcunt.Linkcount(linkcunt.java:13)
at ajioTest.linkcunt.Linkcount(linkcunt.java:13)
at ajioTest.linkcunt.Linkcount(linkcunt.java:13)
at ajioTest.linkcunt.Linkcount(linkcunt.java:13)
at ajioTest.linkcunt.Linkcount(linkcunt.java:13)
at ajioTest.linkcunt.Linkcount(linkcunt.java:13)
at ajioTest.linkcunt.Linkcount(linkcunt.java:13)
at ajioTest.linkcunt.Linkcount(linkcunt.java:13)
at ajioTest.linkcunt.Linkcount(linkcunt.java:13)
at ajioTest.linkcunt.Linkcount(linkcunt.java:13)
at ajioTest.linkcunt.Linkcount(linkcunt.java:13)
at ajioTest.linkcunt.Linkcount(linkcunt.java:13)
at ajioTest.linkcunt.Linkcount(linkcunt.java:13)
at ajioTest.linkcunt.Linkcount(linkcunt.java:13)
at ajioTest.linkcunt.Linkcount(linkcunt.java:13)
at ajioTest.linkcunt.Linkcount(linkcunt.java:13)
at ajioTest.linkcunt.Linkcount(linkcunt.java:13)
at ajioTest.linkcunt.Linkcount(linkcunt.java:13)
at ajioTest.linkcunt.Linkcount(linkcunt.java:13)
at ajioTest.linkcunt.Linkcount(linkcunt.java:13)
at ajioTest.linkcunt.Linkcount(linkcunt.java:13)
at ajioTest.linkcunt.Linkcount(linkcunt.java:13)
at ajioTest.linkcunt.Linkcount(linkcunt.java:13)
at ajioTest.linkcunt.Linkcount(linkcunt.java:13)
at ajioTest.linkcunt.Linkcount(linkcunt.java:13)
at ajioTest.linkcunt.Linkcount(linkcunt.java:13)
at ajioTest.linkcunt.Linkcount(linkcunt.java:13)
at ajioTest.linkcunt.Linkcount(linkcunt.java:13)
at ajioTest.linkcunt.Linkcount(linkcunt.java:13)
at ajioTest.linkcunt.Linkcount(linkcunt.java:13)
at ajioTest.linkcunt.Linkcount(linkcunt.java:13)
at ajioTest.linkcunt.Linkcount(linkcunt.java:13)
at ajioTest.linkcunt.Linkcount(linkcunt.java:13)
at ajioTest.linkcunt.Linkcount(linkcunt.java:13)
at ajioTest.linkcunt.Linkcount(linkcunt.java:13)
at ajioTest.linkcunt.Linkcount(linkcunt.java:13)
at ajioTest.linkcunt.Linkcount(linkcunt.java:13)
at ajioTest.linkcunt.Linkcount(linkcunt.java:13)
at ajioTest.linkcunt.Linkcount(linkcunt.java:13)
at ajioTest.linkcunt.Linkcount(linkcunt.java:13)
at ajioTest.linkcunt.Linkcount(linkcunt.java:13)
at ajioTest.linkcunt.Linkcount(linkcunt.java:13)
at ajioTest.linkcunt.Linkcount(linkcunt.java:13)
at ajioTest.linkcunt.Linkcount(linkcunt.java:13)
at ajioTest.linkcunt.Linkcount(linkcunt.java:13)
at ajioTest.linkcunt.Linkcount(linkcunt.java:13)
at ajioTest.linkcunt.Linkcount(linkcunt.java:13)
at ajioTest.linkcunt.Linkcount(linkcunt.java:13)
at ajioTest.linkcunt.Linkcount(linkcunt.java:13)
at ajioTest.linkcunt.Linkcount(linkcunt.java:13)
at ajioTest.linkcunt.Linkcount(linkcunt.java:13)
at ajioTest.linkcunt.Linkcount(linkcunt.java:13)
at ajioTest.linkcunt.Linkcount(linkcunt.java:13)
at ajioTest.linkcunt.Linkcount(linkcunt.java:13)
at ajioTest.linkcunt.Linkcount(linkcunt.java:13)
at ajioTest.linkcunt.Linkcount(linkcunt.java:13)
at ajioTest.linkcunt.Linkcount(linkcunt.java:13)
at ajioTest.linkcunt.Linkcount(linkcunt.java:13)
at ajioTest.linkcunt.Linkcount(linkcunt.java:13)
at ajioTest.linkcunt.Linkcount(linkcunt.java:13)
at ajioTest.linkcunt.Linkcount(linkcunt.java:13)
at ajioTest.linkcunt.Linkcount(linkcunt.java:13)
at ajioTest.linkcunt.Linkcount(linkcunt.java:13)
at ajioTest.linkcunt.Linkcount(linkcunt.java:13)
at ajioTest.linkcunt.Linkcount(linkcunt.java:13)
at ajioTest.linkcunt.Linkcount(linkcunt.java:13)
at ajioTest.linkcunt.Linkcount(linkcunt.java:13)
at ajioTest.linkcunt.Linkcount(linkcunt.java:13)
at ajioTest.linkcunt.Linkcount(linkcunt.java:13)
at ajioTest.linkcunt.Linkcount(linkcunt.java:13)
at ajioTest.linkcunt.Linkcount(linkcunt.java:13)
at ajioTest.linkcunt.Linkcount(linkcunt.java:13)
at ajioTest.linkcunt.Linkcount(linkcunt.java:13)
at ajioTest.linkcunt.Linkcount(linkcunt.java:13)
at ajioTest.linkcunt.Linkcount(linkcunt.java:13)
at ajioTest.linkcunt.Linkcount(linkcunt.java:13)
at ajioTest.linkcunt.Linkcount(linkcunt.java:13)
at ajioTest.linkcunt.Linkcount(linkcunt.java:13)
at ajioTest.linkcunt.Linkcount(linkcunt.java:13)
at ajioTest.linkcunt.Linkcount(linkcunt.java:13)
at ajioTest.linkcunt.Linkcount(linkcunt.java:13)
at ajioTest.linkcunt.Linkcount(linkcunt.java:13)
at ajioTest.linkcunt.Linkcount(linkcunt.java:13)
at ajioTest.linkcunt.Linkcount(linkcunt.java:13)
at ajioTest.linkcunt.Linkcount(linkcunt.java:13)
at ajioTest.linkcunt.Linkcount(linkcunt.java:13)
at ajioTest.linkcunt.Linkcount(linkcunt.java:13)
at ajioTest.linkcunt.Linkcount(linkcunt.java:13)
at ajioTest.linkcunt.Linkcount(linkcunt.java:13)
at ajioTest.linkcunt.Linkcount(linkcunt.java:13)
at ajioTest.linkcunt.Linkcount(linkcunt.java:13)
at ajioTest.linkcunt.Linkcount(linkcunt.java:13)
at ajioTest.linkcunt.Linkcount(linkcunt.java:13)
at ajioTest.linkcunt.Linkcount(linkcunt.java:13)
at ajioTest.linkcunt.Linkcount(linkcunt.java:13)
at ajioTest.linkcunt.Linkcount(linkcunt.java:13)
at ajioTest.linkcunt.Linkcount(linkcunt.java:13)
at ajioTest.linkcunt.Linkcount(linkcunt.java:13)
at ajioTest.linkcunt.Linkcount(linkcunt.java:13)
at ajioTest.linkcunt.Linkcount(linkcunt.java:13)
at ajioTest.linkcunt.Linkcount(linkcunt.java:13)
at ajioTest.linkcunt.Linkcount(linkcunt.java:13)
at ajioTest.linkcunt.Linkcount(linkcunt.java:13)
at ajioTest.linkcunt.Linkcount(linkcunt.java:13)
at ajioTest.linkcunt.Linkcount(linkcunt.java:13)
at ajioTest.linkcunt.Linkcount(linkcunt.java:13)
]]>
    </error>
  </testcase> <!-- Linkcount -->
  <system-out/>
</testsuite> <!-- ajioTest.linkcunt -->
