<?xml version="1.0" encoding="UTF-8"?>
<!-- Generated by org.testng.reporters.JUnitReportReporter -->
<testsuite hostname="LAPTOP-2PTTA2TK" failures="0" tests="1" name="ajioPage.linkcount" time="1.410" errors="0" timestamp="2024-12-20T19:14:37 IST" skipped="0">
  <testcase classname="ajioPage.linkcount" name="LinkcountFB" time="1.410"/>
  <system-out/>
</testsuite> <!-- ajioPage.linkcount -->
