<?xml version="1.0" encoding="UTF-8"?>
<!-- Generated by org.testng.reporters.JUnitReportReporter -->
<testsuite hostname="LAPTOP-2PTTA2TK" failures="0" tests="1" name="ajioTest.linkcnt" time="1.117" errors="0" timestamp="2024-12-20T19:08:28 IST" skipped="0">
  <testcase classname="ajioTest.linkcnt" name="LinkcountFB" time="1.117"/>
  <system-out/>
</testsuite> <!-- ajioTest.linkcnt -->
